[2025-03-20 00:50:15] local.ERROR: No application encryption key has been specified. {"exception":"[object] (Illuminate\\Encryption\\MissingAppKeyException(code: 0): No application encryption key has been specified. at C:\\Users\\HP\\Documents\\doc\\cours_3eme_annee\\projet tutore\\code\\GEE_PROJECT\\backend\\vendor\\laravel\\framework\\src\\Illuminate\\Encryption\\EncryptionServiceProvider.php:83)
[stacktrace]
#0 C:\\Users\\HP\\Documents\\doc\\cours_3eme_annee\\projet tutore\\code\\GEE_PROJECT\\backend\\vendor\\laravel\\framework\\src\\Illuminate\\Support\\helpers.php(399): Illuminate\\Encryption\\EncryptionServiceProvider->{closure:Illuminate\\Encryption\\EncryptionServiceProvider::key():81}()
#1 C:\\Users\\HP\\Documents\\doc\\cours_3eme_annee\\projet tutore\\code\\GEE_PROJECT\\backend\\vendor\\laravel\\framework\\src\\Illuminate\\Encryption\\EncryptionServiceProvider.php(81): tap()
#2 C:\\Users\\HP\\Documents\\doc\\cours_3eme_annee\\projet tutore\\code\\GEE_PROJECT\\backend\\vendor\\laravel\\framework\\src\\Illuminate\\Encryption\\EncryptionServiceProvider.php(64): Illuminate\\Encryption\\EncryptionServiceProvider->key()
#3 C:\\Users\\HP\\Documents\\doc\\cours_3eme_annee\\projet tutore\\code\\GEE_PROJECT\\backend\\vendor\\laravel\\framework\\src\\Illuminate\\Encryption\\EncryptionServiceProvider.php(32): Illuminate\\Encryption\\EncryptionServiceProvider->parseKey()
#4 C:\\Users\\HP\\Documents\\doc\\cours_3eme_annee\\projet tutore\\code\\GEE_PROJECT\\backend\\vendor\\laravel\\framework\\src\\Illuminate\\Container\\Container.php(1010): Illuminate\\Encryption\\EncryptionServiceProvider->{closure:Illuminate\\Encryption\\EncryptionServiceProvider::registerEncrypter():29}()
#5 C:\\Users\\HP\\Documents\\doc\\cours_3eme_annee\\projet tutore\\code\\GEE_PROJECT\\backend\\vendor\\laravel\\framework\\src\\Illuminate\\Container\\Container.php(890): Illuminate\\Container\\Container->build()
#6 C:\\Users\\HP\\Documents\\doc\\cours_3eme_annee\\projet tutore\\code\\GEE_PROJECT\\backend\\vendor\\laravel\\framework\\src\\Illuminate\\Foundation\\Application.php(1078): Illuminate\\Container\\Container->resolve()
#7 C:\\Users\\HP\\Documents\\doc\\cours_3eme_annee\\projet tutore\\code\\GEE_PROJECT\\backend\\vendor\\laravel\\framework\\src\\Illuminate\\Container\\Container.php(821): Illuminate\\Foundation\\Application->resolve()
#8 C:\\Users\\HP\\Documents\\doc\\cours_3eme_annee\\projet tutore\\code\\GEE_PROJECT\\backend\\vendor\\laravel\\framework\\src\\Illuminate\\Foundation\\Application.php(1058): Illuminate\\Container\\Container->make()
#9 C:\\Users\\HP\\Documents\\doc\\cours_3eme_annee\\projet tutore\\code\\GEE_PROJECT\\backend\\vendor\\laravel\\framework\\src\\Illuminate\\Container\\Container.php(1194): Illuminate\\Foundation\\Application->make()
#10 C:\\Users\\HP\\Documents\\doc\\cours_3eme_annee\\projet tutore\\code\\GEE_PROJECT\\backend\\vendor\\laravel\\framework\\src\\Illuminate\\Container\\Container.php(1101): Illuminate\\Container\\Container->resolveClass()
#11 C:\\Users\\HP\\Documents\\doc\\cours_3eme_annee\\projet tutore\\code\\GEE_PROJECT\\backend\\vendor\\laravel\\framework\\src\\Illuminate\\Container\\Container.php(1052): Illuminate\\Container\\Container->resolveDependencies()
#12 C:\\Users\\HP\\Documents\\doc\\cours_3eme_annee\\projet tutore\\code\\GEE_PROJECT\\backend\\vendor\\laravel\\framework\\src\\Illuminate\\Container\\Container.php(890): Illuminate\\Container\\Container->build()
#13 C:\\Users\\HP\\Documents\\doc\\cours_3eme_annee\\projet tutore\\code\\GEE_PROJECT\\backend\\vendor\\laravel\\framework\\src\\Illuminate\\Foundation\\Application.php(1078): Illuminate\\Container\\Container->resolve()
#14 C:\\Users\\HP\\Documents\\doc\\cours_3eme_annee\\projet tutore\\code\\GEE_PROJECT\\backend\\vendor\\laravel\\framework\\src\\Illuminate\\Container\\Container.php(821): Illuminate\\Foundation\\Application->resolve()
#15 C:\\Users\\HP\\Documents\\doc\\cours_3eme_annee\\projet tutore\\code\\GEE_PROJECT\\backend\\vendor\\laravel\\framework\\src\\Illuminate\\Foundation\\Application.php(1058): Illuminate\\Container\\Container->make()
#16 C:\\Users\\HP\\Documents\\doc\\cours_3eme_annee\\projet tutore\\code\\GEE_PROJECT\\backend\\vendor\\laravel\\framework\\src\\Illuminate\\Pipeline\\Pipeline.php(198): Illuminate\\Foundation\\Application->make()
#17 C:\\Users\\HP\\Documents\\doc\\cours_3eme_annee\\projet tutore\\code\\GEE_PROJECT\\backend\\vendor\\laravel\\framework\\src\\Illuminate\\Pipeline\\Pipeline.php(127): Illuminate\\Pipeline\\Pipeline->{closure:{closure:Illuminate\\Pipeline\\Pipeline::carry():184}:185}()
#18 C:\\Users\\HP\\Documents\\doc\\cours_3eme_annee\\projet tutore\\code\\GEE_PROJECT\\backend\\vendor\\laravel\\framework\\src\\Illuminate\\Routing\\Router.php(808): Illuminate\\Pipeline\\Pipeline->then()
#19 C:\\Users\\HP\\Documents\\doc\\cours_3eme_annee\\projet tutore\\code\\GEE_PROJECT\\backend\\vendor\\laravel\\framework\\src\\Illuminate\\Routing\\Router.php(787): Illuminate\\Routing\\Router->runRouteWithinStack()
#20 C:\\Users\\HP\\Documents\\doc\\cours_3eme_annee\\projet tutore\\code\\GEE_PROJECT\\backend\\vendor\\laravel\\framework\\src\\Illuminate\\Routing\\Router.php(751): Illuminate\\Routing\\Router->runRoute()
#21 C:\\Users\\HP\\Documents\\doc\\cours_3eme_annee\\projet tutore\\code\\GEE_PROJECT\\backend\\vendor\\laravel\\framework\\src\\Illuminate\\Routing\\Router.php(740): Illuminate\\Routing\\Router->dispatchToRoute()
#22 C:\\Users\\HP\\Documents\\doc\\cours_3eme_annee\\projet tutore\\code\\GEE_PROJECT\\backend\\vendor\\laravel\\framework\\src\\Illuminate\\Foundation\\Http\\Kernel.php(201): Illuminate\\Routing\\Router->dispatch()
#23 C:\\Users\\HP\\Documents\\doc\\cours_3eme_annee\\projet tutore\\code\\GEE_PROJECT\\backend\\vendor\\laravel\\framework\\src\\Illuminate\\Pipeline\\Pipeline.php(170): Illuminate\\Foundation\\Http\\Kernel->{closure:Illuminate\\Foundation\\Http\\Kernel::dispatchToRouter():198}()
#24 C:\\Users\\HP\\Documents\\doc\\cours_3eme_annee\\projet tutore\\code\\GEE_PROJECT\\backend\\vendor\\laravel\\framework\\src\\Illuminate\\Foundation\\Http\\Middleware\\TransformsRequest.php(21): Illuminate\\Pipeline\\Pipeline->{closure:Illuminate\\Pipeline\\Pipeline::prepareDestination():168}()
#25 C:\\Users\\HP\\Documents\\doc\\cours_3eme_annee\\projet tutore\\code\\GEE_PROJECT\\backend\\vendor\\laravel\\framework\\src\\Illuminate\\Foundation\\Http\\Middleware\\ConvertEmptyStringsToNull.php(31): Illuminate\\Foundation\\Http\\Middleware\\TransformsRequest->handle()
#26 C:\\Users\\HP\\Documents\\doc\\cours_3eme_annee\\projet tutore\\code\\GEE_PROJECT\\backend\\vendor\\laravel\\framework\\src\\Illuminate\\Pipeline\\Pipeline.php(209): Illuminate\\Foundation\\Http\\Middleware\\ConvertEmptyStringsToNull->handle()
#27 C:\\Users\\HP\\Documents\\doc\\cours_3eme_annee\\projet tutore\\code\\GEE_PROJECT\\backend\\vendor\\laravel\\framework\\src\\Illuminate\\Foundation\\Http\\Middleware\\TransformsRequest.php(21): Illuminate\\Pipeline\\Pipeline->{closure:{closure:Illuminate\\Pipeline\\Pipeline::carry():184}:185}()
#28 C:\\Users\\HP\\Documents\\doc\\cours_3eme_annee\\projet tutore\\code\\GEE_PROJECT\\backend\\vendor\\laravel\\framework\\src\\Illuminate\\Foundation\\Http\\Middleware\\TrimStrings.php(51): Illuminate\\Foundation\\Http\\Middleware\\TransformsRequest->handle()
#29 C:\\Users\\HP\\Documents\\doc\\cours_3eme_annee\\projet tutore\\code\\GEE_PROJECT\\backend\\vendor\\laravel\\framework\\src\\Illuminate\\Pipeline\\Pipeline.php(209): Illuminate\\Foundation\\Http\\Middleware\\TrimStrings->handle()
#30 C:\\Users\\HP\\Documents\\doc\\cours_3eme_annee\\projet tutore\\code\\GEE_PROJECT\\backend\\vendor\\laravel\\framework\\src\\Illuminate\\Http\\Middleware\\ValidatePostSize.php(27): Illuminate\\Pipeline\\Pipeline->{closure:{closure:Illuminate\\Pipeline\\Pipeline::carry():184}:185}()
#31 C:\\Users\\HP\\Documents\\doc\\cours_3eme_annee\\projet tutore\\code\\GEE_PROJECT\\backend\\vendor\\laravel\\framework\\src\\Illuminate\\Pipeline\\Pipeline.php(209): Illuminate\\Http\\Middleware\\ValidatePostSize->handle()
#32 C:\\Users\\HP\\Documents\\doc\\cours_3eme_annee\\projet tutore\\code\\GEE_PROJECT\\backend\\vendor\\laravel\\framework\\src\\Illuminate\\Foundation\\Http\\Middleware\\PreventRequestsDuringMaintenance.php(110): Illuminate\\Pipeline\\Pipeline->{closure:{closure:Illuminate\\Pipeline\\Pipeline::carry():184}:185}()
#33 C:\\Users\\HP\\Documents\\doc\\cours_3eme_annee\\projet tutore\\code\\GEE_PROJECT\\backend\\vendor\\laravel\\framework\\src\\Illuminate\\Pipeline\\Pipeline.php(209): Illuminate\\Foundation\\Http\\Middleware\\PreventRequestsDuringMaintenance->handle()
#34 C:\\Users\\HP\\Documents\\doc\\cours_3eme_annee\\projet tutore\\code\\GEE_PROJECT\\backend\\vendor\\laravel\\framework\\src\\Illuminate\\Http\\Middleware\\HandleCors.php(49): Illuminate\\Pipeline\\Pipeline->{closure:{closure:Illuminate\\Pipeline\\Pipeline::carry():184}:185}()
#35 C:\\Users\\HP\\Documents\\doc\\cours_3eme_annee\\projet tutore\\code\\GEE_PROJECT\\backend\\vendor\\laravel\\framework\\src\\Illuminate\\Pipeline\\Pipeline.php(209): Illuminate\\Http\\Middleware\\HandleCors->handle()
#36 C:\\Users\\HP\\Documents\\doc\\cours_3eme_annee\\projet tutore\\code\\GEE_PROJECT\\backend\\vendor\\laravel\\framework\\src\\Illuminate\\Http\\Middleware\\TrustProxies.php(58): Illuminate\\Pipeline\\Pipeline->{closure:{closure:Illuminate\\Pipeline\\Pipeline::carry():184}:185}()
#37 C:\\Users\\HP\\Documents\\doc\\cours_3eme_annee\\projet tutore\\code\\GEE_PROJECT\\backend\\vendor\\laravel\\framework\\src\\Illuminate\\Pipeline\\Pipeline.php(209): Illuminate\\Http\\Middleware\\TrustProxies->handle()
#38 C:\\Users\\HP\\Documents\\doc\\cours_3eme_annee\\projet tutore\\code\\GEE_PROJECT\\backend\\vendor\\laravel\\framework\\src\\Illuminate\\Foundation\\Http\\Middleware\\InvokeDeferredCallbacks.php(22): Illuminate\\Pipeline\\Pipeline->{closure:{closure:Illuminate\\Pipeline\\Pipeline::carry():184}:185}()
#39 C:\\Users\\HP\\Documents\\doc\\cours_3eme_annee\\projet tutore\\code\\GEE_PROJECT\\backend\\vendor\\laravel\\framework\\src\\Illuminate\\Pipeline\\Pipeline.php(209): Illuminate\\Foundation\\Http\\Middleware\\InvokeDeferredCallbacks->handle()
#40 C:\\Users\\HP\\Documents\\doc\\cours_3eme_annee\\projet tutore\\code\\GEE_PROJECT\\backend\\vendor\\laravel\\framework\\src\\Illuminate\\Http\\Middleware\\ValidatePathEncoding.php(26): Illuminate\\Pipeline\\Pipeline->{closure:{closure:Illuminate\\Pipeline\\Pipeline::carry():184}:185}()
#41 C:\\Users\\HP\\Documents\\doc\\cours_3eme_annee\\projet tutore\\code\\GEE_PROJECT\\backend\\vendor\\laravel\\framework\\src\\Illuminate\\Pipeline\\Pipeline.php(209): Illuminate\\Http\\Middleware\\ValidatePathEncoding->handle()
#42 C:\\Users\\HP\\Documents\\doc\\cours_3eme_annee\\projet tutore\\code\\GEE_PROJECT\\backend\\vendor\\laravel\\framework\\src\\Illuminate\\Pipeline\\Pipeline.php(127): Illuminate\\Pipeline\\Pipeline->{closure:{closure:Illuminate\\Pipeline\\Pipeline::carry():184}:185}()
#43 C:\\Users\\HP\\Documents\\doc\\cours_3eme_annee\\projet tutore\\code\\GEE_PROJECT\\backend\\vendor\\laravel\\framework\\src\\Illuminate\\Foundation\\Http\\Kernel.php(176): Illuminate\\Pipeline\\Pipeline->then()
#44 C:\\Users\\HP\\Documents\\doc\\cours_3eme_annee\\projet tutore\\code\\GEE_PROJECT\\backend\\vendor\\laravel\\framework\\src\\Illuminate\\Foundation\\Http\\Kernel.php(145): Illuminate\\Foundation\\Http\\Kernel->sendRequestThroughRouter()
#45 C:\\Users\\HP\\Documents\\doc\\cours_3eme_annee\\projet tutore\\code\\GEE_PROJECT\\backend\\vendor\\laravel\\framework\\src\\Illuminate\\Foundation\\Application.php(1220): Illuminate\\Foundation\\Http\\Kernel->handle()
#46 C:\\Users\\HP\\Documents\\doc\\cours_3eme_annee\\projet tutore\\code\\GEE_PROJECT\\backend\\public\\index.php(20): Illuminate\\Foundation\\Application->handleRequest()
#47 C:\\Users\\HP\\Documents\\doc\\cours_3eme_annee\\projet tutore\\code\\GEE_PROJECT\\backend\\vendor\\laravel\\framework\\src\\Illuminate\\Foundation\\resources\\server.php(23): require_once('...')
#48 {main}
"} 
[2025-03-20 00:50:20] local.ERROR: No application encryption key has been specified. {"exception":"[object] (Illuminate\\Encryption\\MissingAppKeyException(code: 0): No application encryption key has been specified. at C:\\Users\\HP\\Documents\\doc\\cours_3eme_annee\\projet tutore\\code\\GEE_PROJECT\\backend\\vendor\\laravel\\framework\\src\\Illuminate\\Encryption\\EncryptionServiceProvider.php:83)
[stacktrace]
#0 C:\\Users\\HP\\Documents\\doc\\cours_3eme_annee\\projet tutore\\code\\GEE_PROJECT\\backend\\vendor\\laravel\\framework\\src\\Illuminate\\Support\\helpers.php(399): Illuminate\\Encryption\\EncryptionServiceProvider->{closure:Illuminate\\Encryption\\EncryptionServiceProvider::key():81}()
#1 C:\\Users\\HP\\Documents\\doc\\cours_3eme_annee\\projet tutore\\code\\GEE_PROJECT\\backend\\vendor\\laravel\\framework\\src\\Illuminate\\Encryption\\EncryptionServiceProvider.php(81): tap()
#2 C:\\Users\\HP\\Documents\\doc\\cours_3eme_annee\\projet tutore\\code\\GEE_PROJECT\\backend\\vendor\\laravel\\framework\\src\\Illuminate\\Encryption\\EncryptionServiceProvider.php(64): Illuminate\\Encryption\\EncryptionServiceProvider->key()
#3 C:\\Users\\HP\\Documents\\doc\\cours_3eme_annee\\projet tutore\\code\\GEE_PROJECT\\backend\\vendor\\laravel\\framework\\src\\Illuminate\\Encryption\\EncryptionServiceProvider.php(32): Illuminate\\Encryption\\EncryptionServiceProvider->parseKey()
#4 C:\\Users\\HP\\Documents\\doc\\cours_3eme_annee\\projet tutore\\code\\GEE_PROJECT\\backend\\vendor\\laravel\\framework\\src\\Illuminate\\Container\\Container.php(1010): Illuminate\\Encryption\\EncryptionServiceProvider->{closure:Illuminate\\Encryption\\EncryptionServiceProvider::registerEncrypter():29}()
#5 C:\\Users\\HP\\Documents\\doc\\cours_3eme_annee\\projet tutore\\code\\GEE_PROJECT\\backend\\vendor\\laravel\\framework\\src\\Illuminate\\Container\\Container.php(890): Illuminate\\Container\\Container->build()
#6 C:\\Users\\HP\\Documents\\doc\\cours_3eme_annee\\projet tutore\\code\\GEE_PROJECT\\backend\\vendor\\laravel\\framework\\src\\Illuminate\\Foundation\\Application.php(1078): Illuminate\\Container\\Container->resolve()
#7 C:\\Users\\HP\\Documents\\doc\\cours_3eme_annee\\projet tutore\\code\\GEE_PROJECT\\backend\\vendor\\laravel\\framework\\src\\Illuminate\\Container\\Container.php(821): Illuminate\\Foundation\\Application->resolve()
#8 C:\\Users\\HP\\Documents\\doc\\cours_3eme_annee\\projet tutore\\code\\GEE_PROJECT\\backend\\vendor\\laravel\\framework\\src\\Illuminate\\Foundation\\Application.php(1058): Illuminate\\Container\\Container->make()
#9 C:\\Users\\HP\\Documents\\doc\\cours_3eme_annee\\projet tutore\\code\\GEE_PROJECT\\backend\\vendor\\laravel\\framework\\src\\Illuminate\\Container\\Container.php(1194): Illuminate\\Foundation\\Application->make()
#10 C:\\Users\\HP\\Documents\\doc\\cours_3eme_annee\\projet tutore\\code\\GEE_PROJECT\\backend\\vendor\\laravel\\framework\\src\\Illuminate\\Container\\Container.php(1101): Illuminate\\Container\\Container->resolveClass()
#11 C:\\Users\\HP\\Documents\\doc\\cours_3eme_annee\\projet tutore\\code\\GEE_PROJECT\\backend\\vendor\\laravel\\framework\\src\\Illuminate\\Container\\Container.php(1052): Illuminate\\Container\\Container->resolveDependencies()
#12 C:\\Users\\HP\\Documents\\doc\\cours_3eme_annee\\projet tutore\\code\\GEE_PROJECT\\backend\\vendor\\laravel\\framework\\src\\Illuminate\\Container\\Container.php(890): Illuminate\\Container\\Container->build()
#13 C:\\Users\\HP\\Documents\\doc\\cours_3eme_annee\\projet tutore\\code\\GEE_PROJECT\\backend\\vendor\\laravel\\framework\\src\\Illuminate\\Foundation\\Application.php(1078): Illuminate\\Container\\Container->resolve()
#14 C:\\Users\\HP\\Documents\\doc\\cours_3eme_annee\\projet tutore\\code\\GEE_PROJECT\\backend\\vendor\\laravel\\framework\\src\\Illuminate\\Container\\Container.php(821): Illuminate\\Foundation\\Application->resolve()
#15 C:\\Users\\HP\\Documents\\doc\\cours_3eme_annee\\projet tutore\\code\\GEE_PROJECT\\backend\\vendor\\laravel\\framework\\src\\Illuminate\\Foundation\\Application.php(1058): Illuminate\\Container\\Container->make()
#16 C:\\Users\\HP\\Documents\\doc\\cours_3eme_annee\\projet tutore\\code\\GEE_PROJECT\\backend\\vendor\\laravel\\framework\\src\\Illuminate\\Foundation\\Http\\Kernel.php(258): Illuminate\\Foundation\\Application->make()
#17 C:\\Users\\HP\\Documents\\doc\\cours_3eme_annee\\projet tutore\\code\\GEE_PROJECT\\backend\\vendor\\laravel\\framework\\src\\Illuminate\\Foundation\\Http\\Kernel.php(216): Illuminate\\Foundation\\Http\\Kernel->terminateMiddleware()
#18 C:\\Users\\HP\\Documents\\doc\\cours_3eme_annee\\projet tutore\\code\\GEE_PROJECT\\backend\\vendor\\laravel\\framework\\src\\Illuminate\\Foundation\\Application.php(1222): Illuminate\\Foundation\\Http\\Kernel->terminate()
#19 C:\\Users\\HP\\Documents\\doc\\cours_3eme_annee\\projet tutore\\code\\GEE_PROJECT\\backend\\public\\index.php(20): Illuminate\\Foundation\\Application->handleRequest()
#20 C:\\Users\\HP\\Documents\\doc\\cours_3eme_annee\\projet tutore\\code\\GEE_PROJECT\\backend\\vendor\\laravel\\framework\\src\\Illuminate\\Foundation\\resources\\server.php(23): require_once('...')
#21 {main}
"} 
[2025-03-20 00:51:04] local.ERROR: No application encryption key has been specified. {"exception":"[object] (Illuminate\\Encryption\\MissingAppKeyException(code: 0): No application encryption key has been specified. at C:\\Users\\HP\\Documents\\doc\\cours_3eme_annee\\projet tutore\\code\\GEE_PROJECT\\backend\\vendor\\laravel\\framework\\src\\Illuminate\\Encryption\\EncryptionServiceProvider.php:83)
[stacktrace]
#0 C:\\Users\\HP\\Documents\\doc\\cours_3eme_annee\\projet tutore\\code\\GEE_PROJECT\\backend\\vendor\\laravel\\framework\\src\\Illuminate\\Support\\helpers.php(399): Illuminate\\Encryption\\EncryptionServiceProvider->{closure:Illuminate\\Encryption\\EncryptionServiceProvider::key():81}()
#1 C:\\Users\\HP\\Documents\\doc\\cours_3eme_annee\\projet tutore\\code\\GEE_PROJECT\\backend\\vendor\\laravel\\framework\\src\\Illuminate\\Encryption\\EncryptionServiceProvider.php(81): tap()
#2 C:\\Users\\HP\\Documents\\doc\\cours_3eme_annee\\projet tutore\\code\\GEE_PROJECT\\backend\\vendor\\laravel\\framework\\src\\Illuminate\\Encryption\\EncryptionServiceProvider.php(64): Illuminate\\Encryption\\EncryptionServiceProvider->key()
#3 C:\\Users\\HP\\Documents\\doc\\cours_3eme_annee\\projet tutore\\code\\GEE_PROJECT\\backend\\vendor\\laravel\\framework\\src\\Illuminate\\Encryption\\EncryptionServiceProvider.php(32): Illuminate\\Encryption\\EncryptionServiceProvider->parseKey()
#4 C:\\Users\\HP\\Documents\\doc\\cours_3eme_annee\\projet tutore\\code\\GEE_PROJECT\\backend\\vendor\\laravel\\framework\\src\\Illuminate\\Container\\Container.php(1010): Illuminate\\Encryption\\EncryptionServiceProvider->{closure:Illuminate\\Encryption\\EncryptionServiceProvider::registerEncrypter():29}()
#5 C:\\Users\\HP\\Documents\\doc\\cours_3eme_annee\\projet tutore\\code\\GEE_PROJECT\\backend\\vendor\\laravel\\framework\\src\\Illuminate\\Container\\Container.php(890): Illuminate\\Container\\Container->build()
#6 C:\\Users\\HP\\Documents\\doc\\cours_3eme_annee\\projet tutore\\code\\GEE_PROJECT\\backend\\vendor\\laravel\\framework\\src\\Illuminate\\Foundation\\Application.php(1078): Illuminate\\Container\\Container->resolve()
#7 C:\\Users\\HP\\Documents\\doc\\cours_3eme_annee\\projet tutore\\code\\GEE_PROJECT\\backend\\vendor\\laravel\\framework\\src\\Illuminate\\Container\\Container.php(821): Illuminate\\Foundation\\Application->resolve()
#8 C:\\Users\\HP\\Documents\\doc\\cours_3eme_annee\\projet tutore\\code\\GEE_PROJECT\\backend\\vendor\\laravel\\framework\\src\\Illuminate\\Foundation\\Application.php(1058): Illuminate\\Container\\Container->make()
#9 C:\\Users\\HP\\Documents\\doc\\cours_3eme_annee\\projet tutore\\code\\GEE_PROJECT\\backend\\vendor\\laravel\\framework\\src\\Illuminate\\Container\\Container.php(1194): Illuminate\\Foundation\\Application->make()
#10 C:\\Users\\HP\\Documents\\doc\\cours_3eme_annee\\projet tutore\\code\\GEE_PROJECT\\backend\\vendor\\laravel\\framework\\src\\Illuminate\\Container\\Container.php(1101): Illuminate\\Container\\Container->resolveClass()
#11 C:\\Users\\HP\\Documents\\doc\\cours_3eme_annee\\projet tutore\\code\\GEE_PROJECT\\backend\\vendor\\laravel\\framework\\src\\Illuminate\\Container\\Container.php(1052): Illuminate\\Container\\Container->resolveDependencies()
#12 C:\\Users\\HP\\Documents\\doc\\cours_3eme_annee\\projet tutore\\code\\GEE_PROJECT\\backend\\vendor\\laravel\\framework\\src\\Illuminate\\Container\\Container.php(890): Illuminate\\Container\\Container->build()
#13 C:\\Users\\HP\\Documents\\doc\\cours_3eme_annee\\projet tutore\\code\\GEE_PROJECT\\backend\\vendor\\laravel\\framework\\src\\Illuminate\\Foundation\\Application.php(1078): Illuminate\\Container\\Container->resolve()
#14 C:\\Users\\HP\\Documents\\doc\\cours_3eme_annee\\projet tutore\\code\\GEE_PROJECT\\backend\\vendor\\laravel\\framework\\src\\Illuminate\\Container\\Container.php(821): Illuminate\\Foundation\\Application->resolve()
#15 C:\\Users\\HP\\Documents\\doc\\cours_3eme_annee\\projet tutore\\code\\GEE_PROJECT\\backend\\vendor\\laravel\\framework\\src\\Illuminate\\Foundation\\Application.php(1058): Illuminate\\Container\\Container->make()
#16 C:\\Users\\HP\\Documents\\doc\\cours_3eme_annee\\projet tutore\\code\\GEE_PROJECT\\backend\\vendor\\laravel\\framework\\src\\Illuminate\\Pipeline\\Pipeline.php(198): Illuminate\\Foundation\\Application->make()
#17 C:\\Users\\HP\\Documents\\doc\\cours_3eme_annee\\projet tutore\\code\\GEE_PROJECT\\backend\\vendor\\laravel\\framework\\src\\Illuminate\\Pipeline\\Pipeline.php(127): Illuminate\\Pipeline\\Pipeline->{closure:{closure:Illuminate\\Pipeline\\Pipeline::carry():184}:185}()
#18 C:\\Users\\HP\\Documents\\doc\\cours_3eme_annee\\projet tutore\\code\\GEE_PROJECT\\backend\\vendor\\laravel\\framework\\src\\Illuminate\\Routing\\Router.php(808): Illuminate\\Pipeline\\Pipeline->then()
#19 C:\\Users\\HP\\Documents\\doc\\cours_3eme_annee\\projet tutore\\code\\GEE_PROJECT\\backend\\vendor\\laravel\\framework\\src\\Illuminate\\Routing\\Router.php(787): Illuminate\\Routing\\Router->runRouteWithinStack()
#20 C:\\Users\\HP\\Documents\\doc\\cours_3eme_annee\\projet tutore\\code\\GEE_PROJECT\\backend\\vendor\\laravel\\framework\\src\\Illuminate\\Routing\\Router.php(751): Illuminate\\Routing\\Router->runRoute()
#21 C:\\Users\\HP\\Documents\\doc\\cours_3eme_annee\\projet tutore\\code\\GEE_PROJECT\\backend\\vendor\\laravel\\framework\\src\\Illuminate\\Routing\\Router.php(740): Illuminate\\Routing\\Router->dispatchToRoute()
#22 C:\\Users\\HP\\Documents\\doc\\cours_3eme_annee\\projet tutore\\code\\GEE_PROJECT\\backend\\vendor\\laravel\\framework\\src\\Illuminate\\Foundation\\Http\\Kernel.php(201): Illuminate\\Routing\\Router->dispatch()
#23 C:\\Users\\HP\\Documents\\doc\\cours_3eme_annee\\projet tutore\\code\\GEE_PROJECT\\backend\\vendor\\laravel\\framework\\src\\Illuminate\\Pipeline\\Pipeline.php(170): Illuminate\\Foundation\\Http\\Kernel->{closure:Illuminate\\Foundation\\Http\\Kernel::dispatchToRouter():198}()
#24 C:\\Users\\HP\\Documents\\doc\\cours_3eme_annee\\projet tutore\\code\\GEE_PROJECT\\backend\\vendor\\laravel\\framework\\src\\Illuminate\\Foundation\\Http\\Middleware\\TransformsRequest.php(21): Illuminate\\Pipeline\\Pipeline->{closure:Illuminate\\Pipeline\\Pipeline::prepareDestination():168}()
#25 C:\\Users\\HP\\Documents\\doc\\cours_3eme_annee\\projet tutore\\code\\GEE_PROJECT\\backend\\vendor\\laravel\\framework\\src\\Illuminate\\Foundation\\Http\\Middleware\\ConvertEmptyStringsToNull.php(31): Illuminate\\Foundation\\Http\\Middleware\\TransformsRequest->handle()
#26 C:\\Users\\HP\\Documents\\doc\\cours_3eme_annee\\projet tutore\\code\\GEE_PROJECT\\backend\\vendor\\laravel\\framework\\src\\Illuminate\\Pipeline\\Pipeline.php(209): Illuminate\\Foundation\\Http\\Middleware\\ConvertEmptyStringsToNull->handle()
#27 C:\\Users\\HP\\Documents\\doc\\cours_3eme_annee\\projet tutore\\code\\GEE_PROJECT\\backend\\vendor\\laravel\\framework\\src\\Illuminate\\Foundation\\Http\\Middleware\\TransformsRequest.php(21): Illuminate\\Pipeline\\Pipeline->{closure:{closure:Illuminate\\Pipeline\\Pipeline::carry():184}:185}()
#28 C:\\Users\\HP\\Documents\\doc\\cours_3eme_annee\\projet tutore\\code\\GEE_PROJECT\\backend\\vendor\\laravel\\framework\\src\\Illuminate\\Foundation\\Http\\Middleware\\TrimStrings.php(51): Illuminate\\Foundation\\Http\\Middleware\\TransformsRequest->handle()
#29 C:\\Users\\HP\\Documents\\doc\\cours_3eme_annee\\projet tutore\\code\\GEE_PROJECT\\backend\\vendor\\laravel\\framework\\src\\Illuminate\\Pipeline\\Pipeline.php(209): Illuminate\\Foundation\\Http\\Middleware\\TrimStrings->handle()
#30 C:\\Users\\HP\\Documents\\doc\\cours_3eme_annee\\projet tutore\\code\\GEE_PROJECT\\backend\\vendor\\laravel\\framework\\src\\Illuminate\\Http\\Middleware\\ValidatePostSize.php(27): Illuminate\\Pipeline\\Pipeline->{closure:{closure:Illuminate\\Pipeline\\Pipeline::carry():184}:185}()
#31 C:\\Users\\HP\\Documents\\doc\\cours_3eme_annee\\projet tutore\\code\\GEE_PROJECT\\backend\\vendor\\laravel\\framework\\src\\Illuminate\\Pipeline\\Pipeline.php(209): Illuminate\\Http\\Middleware\\ValidatePostSize->handle()
#32 C:\\Users\\HP\\Documents\\doc\\cours_3eme_annee\\projet tutore\\code\\GEE_PROJECT\\backend\\vendor\\laravel\\framework\\src\\Illuminate\\Foundation\\Http\\Middleware\\PreventRequestsDuringMaintenance.php(110): Illuminate\\Pipeline\\Pipeline->{closure:{closure:Illuminate\\Pipeline\\Pipeline::carry():184}:185}()
#33 C:\\Users\\HP\\Documents\\doc\\cours_3eme_annee\\projet tutore\\code\\GEE_PROJECT\\backend\\vendor\\laravel\\framework\\src\\Illuminate\\Pipeline\\Pipeline.php(209): Illuminate\\Foundation\\Http\\Middleware\\PreventRequestsDuringMaintenance->handle()
#34 C:\\Users\\HP\\Documents\\doc\\cours_3eme_annee\\projet tutore\\code\\GEE_PROJECT\\backend\\vendor\\laravel\\framework\\src\\Illuminate\\Http\\Middleware\\HandleCors.php(49): Illuminate\\Pipeline\\Pipeline->{closure:{closure:Illuminate\\Pipeline\\Pipeline::carry():184}:185}()
#35 C:\\Users\\HP\\Documents\\doc\\cours_3eme_annee\\projet tutore\\code\\GEE_PROJECT\\backend\\vendor\\laravel\\framework\\src\\Illuminate\\Pipeline\\Pipeline.php(209): Illuminate\\Http\\Middleware\\HandleCors->handle()
#36 C:\\Users\\HP\\Documents\\doc\\cours_3eme_annee\\projet tutore\\code\\GEE_PROJECT\\backend\\vendor\\laravel\\framework\\src\\Illuminate\\Http\\Middleware\\TrustProxies.php(58): Illuminate\\Pipeline\\Pipeline->{closure:{closure:Illuminate\\Pipeline\\Pipeline::carry():184}:185}()
#37 C:\\Users\\HP\\Documents\\doc\\cours_3eme_annee\\projet tutore\\code\\GEE_PROJECT\\backend\\vendor\\laravel\\framework\\src\\Illuminate\\Pipeline\\Pipeline.php(209): Illuminate\\Http\\Middleware\\TrustProxies->handle()
#38 C:\\Users\\HP\\Documents\\doc\\cours_3eme_annee\\projet tutore\\code\\GEE_PROJECT\\backend\\vendor\\laravel\\framework\\src\\Illuminate\\Foundation\\Http\\Middleware\\InvokeDeferredCallbacks.php(22): Illuminate\\Pipeline\\Pipeline->{closure:{closure:Illuminate\\Pipeline\\Pipeline::carry():184}:185}()
#39 C:\\Users\\HP\\Documents\\doc\\cours_3eme_annee\\projet tutore\\code\\GEE_PROJECT\\backend\\vendor\\laravel\\framework\\src\\Illuminate\\Pipeline\\Pipeline.php(209): Illuminate\\Foundation\\Http\\Middleware\\InvokeDeferredCallbacks->handle()
#40 C:\\Users\\HP\\Documents\\doc\\cours_3eme_annee\\projet tutore\\code\\GEE_PROJECT\\backend\\vendor\\laravel\\framework\\src\\Illuminate\\Http\\Middleware\\ValidatePathEncoding.php(26): Illuminate\\Pipeline\\Pipeline->{closure:{closure:Illuminate\\Pipeline\\Pipeline::carry():184}:185}()
#41 C:\\Users\\HP\\Documents\\doc\\cours_3eme_annee\\projet tutore\\code\\GEE_PROJECT\\backend\\vendor\\laravel\\framework\\src\\Illuminate\\Pipeline\\Pipeline.php(209): Illuminate\\Http\\Middleware\\ValidatePathEncoding->handle()
#42 C:\\Users\\HP\\Documents\\doc\\cours_3eme_annee\\projet tutore\\code\\GEE_PROJECT\\backend\\vendor\\laravel\\framework\\src\\Illuminate\\Pipeline\\Pipeline.php(127): Illuminate\\Pipeline\\Pipeline->{closure:{closure:Illuminate\\Pipeline\\Pipeline::carry():184}:185}()
#43 C:\\Users\\HP\\Documents\\doc\\cours_3eme_annee\\projet tutore\\code\\GEE_PROJECT\\backend\\vendor\\laravel\\framework\\src\\Illuminate\\Foundation\\Http\\Kernel.php(176): Illuminate\\Pipeline\\Pipeline->then()
#44 C:\\Users\\HP\\Documents\\doc\\cours_3eme_annee\\projet tutore\\code\\GEE_PROJECT\\backend\\vendor\\laravel\\framework\\src\\Illuminate\\Foundation\\Http\\Kernel.php(145): Illuminate\\Foundation\\Http\\Kernel->sendRequestThroughRouter()
#45 C:\\Users\\HP\\Documents\\doc\\cours_3eme_annee\\projet tutore\\code\\GEE_PROJECT\\backend\\vendor\\laravel\\framework\\src\\Illuminate\\Foundation\\Application.php(1220): Illuminate\\Foundation\\Http\\Kernel->handle()
#46 C:\\Users\\HP\\Documents\\doc\\cours_3eme_annee\\projet tutore\\code\\GEE_PROJECT\\backend\\public\\index.php(20): Illuminate\\Foundation\\Application->handleRequest()
#47 C:\\Users\\HP\\Documents\\doc\\cours_3eme_annee\\projet tutore\\code\\GEE_PROJECT\\backend\\vendor\\laravel\\framework\\src\\Illuminate\\Foundation\\resources\\server.php(23): require_once('...')
#48 {main}
"} 
[2025-03-20 00:51:05] local.ERROR: No application encryption key has been specified. {"exception":"[object] (Illuminate\\Encryption\\MissingAppKeyException(code: 0): No application encryption key has been specified. at C:\\Users\\HP\\Documents\\doc\\cours_3eme_annee\\projet tutore\\code\\GEE_PROJECT\\backend\\vendor\\laravel\\framework\\src\\Illuminate\\Encryption\\EncryptionServiceProvider.php:83)
[stacktrace]
#0 C:\\Users\\HP\\Documents\\doc\\cours_3eme_annee\\projet tutore\\code\\GEE_PROJECT\\backend\\vendor\\laravel\\framework\\src\\Illuminate\\Support\\helpers.php(399): Illuminate\\Encryption\\EncryptionServiceProvider->{closure:Illuminate\\Encryption\\EncryptionServiceProvider::key():81}()
#1 C:\\Users\\HP\\Documents\\doc\\cours_3eme_annee\\projet tutore\\code\\GEE_PROJECT\\backend\\vendor\\laravel\\framework\\src\\Illuminate\\Encryption\\EncryptionServiceProvider.php(81): tap()
#2 C:\\Users\\HP\\Documents\\doc\\cours_3eme_annee\\projet tutore\\code\\GEE_PROJECT\\backend\\vendor\\laravel\\framework\\src\\Illuminate\\Encryption\\EncryptionServiceProvider.php(64): Illuminate\\Encryption\\EncryptionServiceProvider->key()
#3 C:\\Users\\HP\\Documents\\doc\\cours_3eme_annee\\projet tutore\\code\\GEE_PROJECT\\backend\\vendor\\laravel\\framework\\src\\Illuminate\\Encryption\\EncryptionServiceProvider.php(32): Illuminate\\Encryption\\EncryptionServiceProvider->parseKey()
#4 C:\\Users\\HP\\Documents\\doc\\cours_3eme_annee\\projet tutore\\code\\GEE_PROJECT\\backend\\vendor\\laravel\\framework\\src\\Illuminate\\Container\\Container.php(1010): Illuminate\\Encryption\\EncryptionServiceProvider->{closure:Illuminate\\Encryption\\EncryptionServiceProvider::registerEncrypter():29}()
#5 C:\\Users\\HP\\Documents\\doc\\cours_3eme_annee\\projet tutore\\code\\GEE_PROJECT\\backend\\vendor\\laravel\\framework\\src\\Illuminate\\Container\\Container.php(890): Illuminate\\Container\\Container->build()
#6 C:\\Users\\HP\\Documents\\doc\\cours_3eme_annee\\projet tutore\\code\\GEE_PROJECT\\backend\\vendor\\laravel\\framework\\src\\Illuminate\\Foundation\\Application.php(1078): Illuminate\\Container\\Container->resolve()
#7 C:\\Users\\HP\\Documents\\doc\\cours_3eme_annee\\projet tutore\\code\\GEE_PROJECT\\backend\\vendor\\laravel\\framework\\src\\Illuminate\\Container\\Container.php(821): Illuminate\\Foundation\\Application->resolve()
#8 C:\\Users\\HP\\Documents\\doc\\cours_3eme_annee\\projet tutore\\code\\GEE_PROJECT\\backend\\vendor\\laravel\\framework\\src\\Illuminate\\Foundation\\Application.php(1058): Illuminate\\Container\\Container->make()
#9 C:\\Users\\HP\\Documents\\doc\\cours_3eme_annee\\projet tutore\\code\\GEE_PROJECT\\backend\\vendor\\laravel\\framework\\src\\Illuminate\\Container\\Container.php(1194): Illuminate\\Foundation\\Application->make()
#10 C:\\Users\\HP\\Documents\\doc\\cours_3eme_annee\\projet tutore\\code\\GEE_PROJECT\\backend\\vendor\\laravel\\framework\\src\\Illuminate\\Container\\Container.php(1101): Illuminate\\Container\\Container->resolveClass()
#11 C:\\Users\\HP\\Documents\\doc\\cours_3eme_annee\\projet tutore\\code\\GEE_PROJECT\\backend\\vendor\\laravel\\framework\\src\\Illuminate\\Container\\Container.php(1052): Illuminate\\Container\\Container->resolveDependencies()
#12 C:\\Users\\HP\\Documents\\doc\\cours_3eme_annee\\projet tutore\\code\\GEE_PROJECT\\backend\\vendor\\laravel\\framework\\src\\Illuminate\\Container\\Container.php(890): Illuminate\\Container\\Container->build()
#13 C:\\Users\\HP\\Documents\\doc\\cours_3eme_annee\\projet tutore\\code\\GEE_PROJECT\\backend\\vendor\\laravel\\framework\\src\\Illuminate\\Foundation\\Application.php(1078): Illuminate\\Container\\Container->resolve()
#14 C:\\Users\\HP\\Documents\\doc\\cours_3eme_annee\\projet tutore\\code\\GEE_PROJECT\\backend\\vendor\\laravel\\framework\\src\\Illuminate\\Container\\Container.php(821): Illuminate\\Foundation\\Application->resolve()
#15 C:\\Users\\HP\\Documents\\doc\\cours_3eme_annee\\projet tutore\\code\\GEE_PROJECT\\backend\\vendor\\laravel\\framework\\src\\Illuminate\\Foundation\\Application.php(1058): Illuminate\\Container\\Container->make()
#16 C:\\Users\\HP\\Documents\\doc\\cours_3eme_annee\\projet tutore\\code\\GEE_PROJECT\\backend\\vendor\\laravel\\framework\\src\\Illuminate\\Foundation\\Http\\Kernel.php(258): Illuminate\\Foundation\\Application->make()
#17 C:\\Users\\HP\\Documents\\doc\\cours_3eme_annee\\projet tutore\\code\\GEE_PROJECT\\backend\\vendor\\laravel\\framework\\src\\Illuminate\\Foundation\\Http\\Kernel.php(216): Illuminate\\Foundation\\Http\\Kernel->terminateMiddleware()
#18 C:\\Users\\HP\\Documents\\doc\\cours_3eme_annee\\projet tutore\\code\\GEE_PROJECT\\backend\\vendor\\laravel\\framework\\src\\Illuminate\\Foundation\\Application.php(1222): Illuminate\\Foundation\\Http\\Kernel->terminate()
#19 C:\\Users\\HP\\Documents\\doc\\cours_3eme_annee\\projet tutore\\code\\GEE_PROJECT\\backend\\public\\index.php(20): Illuminate\\Foundation\\Application->handleRequest()
#20 C:\\Users\\HP\\Documents\\doc\\cours_3eme_annee\\projet tutore\\code\\GEE_PROJECT\\backend\\vendor\\laravel\\framework\\src\\Illuminate\\Foundation\\resources\\server.php(23): require_once('...')
#21 {main}
"} 
[2025-03-23 18:23:30] local.ERROR: Call to undefined method App\Http\Controllers\EtudiantController::create() {"exception":"[object] (Error(code: 0): Call to undefined method App\\Http\\Controllers\\EtudiantController::create() at C:\\Users\\HP\\Documents\\doc\\cours_3eme_annee\\projet tutore\\code\\GEE_PROJECT\\backend\\vendor\\laravel\\framework\\src\\Illuminate\\Routing\\ControllerDispatcher.php:47)
[stacktrace]
#0 C:\\Users\\HP\\Documents\\doc\\cours_3eme_annee\\projet tutore\\code\\GEE_PROJECT\\backend\\vendor\\laravel\\framework\\src\\Illuminate\\Routing\\Route.php(266): Illuminate\\Routing\\ControllerDispatcher->dispatch()
#1 C:\\Users\\HP\\Documents\\doc\\cours_3eme_annee\\projet tutore\\code\\GEE_PROJECT\\backend\\vendor\\laravel\\framework\\src\\Illuminate\\Routing\\Route.php(212): Illuminate\\Routing\\Route->runController()
#2 C:\\Users\\HP\\Documents\\doc\\cours_3eme_annee\\projet tutore\\code\\GEE_PROJECT\\backend\\vendor\\laravel\\framework\\src\\Illuminate\\Routing\\Router.php(809): Illuminate\\Routing\\Route->run()
#3 C:\\Users\\HP\\Documents\\doc\\cours_3eme_annee\\projet tutore\\code\\GEE_PROJECT\\backend\\vendor\\laravel\\framework\\src\\Illuminate\\Pipeline\\Pipeline.php(170): Illuminate\\Routing\\Router->{closure:Illuminate\\Routing\\Router::runRouteWithinStack():808}()
#4 C:\\Users\\HP\\Documents\\doc\\cours_3eme_annee\\projet tutore\\code\\GEE_PROJECT\\backend\\vendor\\laravel\\framework\\src\\Illuminate\\Http\\Middleware\\AddLinkHeadersForPreloadedAssets.php(20): Illuminate\\Pipeline\\Pipeline->{closure:Illuminate\\Pipeline\\Pipeline::prepareDestination():168}()
#5 C:\\Users\\HP\\Documents\\doc\\cours_3eme_annee\\projet tutore\\code\\GEE_PROJECT\\backend\\vendor\\laravel\\framework\\src\\Illuminate\\Pipeline\\Pipeline.php(209): Illuminate\\Http\\Middleware\\AddLinkHeadersForPreloadedAssets->handle()
#6 C:\\Users\\HP\\Documents\\doc\\cours_3eme_annee\\projet tutore\\code\\GEE_PROJECT\\backend\\vendor\\inertiajs\\inertia-laravel\\src\\Middleware.php(86): Illuminate\\Pipeline\\Pipeline->{closure:{closure:Illuminate\\Pipeline\\Pipeline::carry():184}:185}()
#7 C:\\Users\\HP\\Documents\\doc\\cours_3eme_annee\\projet tutore\\code\\GEE_PROJECT\\backend\\vendor\\laravel\\framework\\src\\Illuminate\\Pipeline\\Pipeline.php(209): Inertia\\Middleware->handle()
#8 C:\\Users\\HP\\Documents\\doc\\cours_3eme_annee\\projet tutore\\code\\GEE_PROJECT\\backend\\app\\Http\\Middleware\\HandleAppearance.php(21): Illuminate\\Pipeline\\Pipeline->{closure:{closure:Illuminate\\Pipeline\\Pipeline::carry():184}:185}()
#9 C:\\Users\\HP\\Documents\\doc\\cours_3eme_annee\\projet tutore\\code\\GEE_PROJECT\\backend\\vendor\\laravel\\framework\\src\\Illuminate\\Pipeline\\Pipeline.php(209): App\\Http\\Middleware\\HandleAppearance->handle()
#10 C:\\Users\\HP\\Documents\\doc\\cours_3eme_annee\\projet tutore\\code\\GEE_PROJECT\\backend\\vendor\\laravel\\framework\\src\\Illuminate\\Routing\\Middleware\\SubstituteBindings.php(51): Illuminate\\Pipeline\\Pipeline->{closure:{closure:Illuminate\\Pipeline\\Pipeline::carry():184}:185}()
#11 C:\\Users\\HP\\Documents\\doc\\cours_3eme_annee\\projet tutore\\code\\GEE_PROJECT\\backend\\vendor\\laravel\\framework\\src\\Illuminate\\Pipeline\\Pipeline.php(209): Illuminate\\Routing\\Middleware\\SubstituteBindings->handle()
#12 C:\\Users\\HP\\Documents\\doc\\cours_3eme_annee\\projet tutore\\code\\GEE_PROJECT\\backend\\vendor\\laravel\\framework\\src\\Illuminate\\Foundation\\Http\\Middleware\\VerifyCsrfToken.php(88): Illuminate\\Pipeline\\Pipeline->{closure:{closure:Illuminate\\Pipeline\\Pipeline::carry():184}:185}()
#13 C:\\Users\\HP\\Documents\\doc\\cours_3eme_annee\\projet tutore\\code\\GEE_PROJECT\\backend\\vendor\\laravel\\framework\\src\\Illuminate\\Pipeline\\Pipeline.php(209): Illuminate\\Foundation\\Http\\Middleware\\VerifyCsrfToken->handle()
#14 C:\\Users\\HP\\Documents\\doc\\cours_3eme_annee\\projet tutore\\code\\GEE_PROJECT\\backend\\vendor\\laravel\\framework\\src\\Illuminate\\View\\Middleware\\ShareErrorsFromSession.php(49): Illuminate\\Pipeline\\Pipeline->{closure:{closure:Illuminate\\Pipeline\\Pipeline::carry():184}:185}()
#15 C:\\Users\\HP\\Documents\\doc\\cours_3eme_annee\\projet tutore\\code\\GEE_PROJECT\\backend\\vendor\\laravel\\framework\\src\\Illuminate\\Pipeline\\Pipeline.php(209): Illuminate\\View\\Middleware\\ShareErrorsFromSession->handle()
#16 C:\\Users\\HP\\Documents\\doc\\cours_3eme_annee\\projet tutore\\code\\GEE_PROJECT\\backend\\vendor\\laravel\\framework\\src\\Illuminate\\Session\\Middleware\\StartSession.php(121): Illuminate\\Pipeline\\Pipeline->{closure:{closure:Illuminate\\Pipeline\\Pipeline::carry():184}:185}()
#17 C:\\Users\\HP\\Documents\\doc\\cours_3eme_annee\\projet tutore\\code\\GEE_PROJECT\\backend\\vendor\\laravel\\framework\\src\\Illuminate\\Session\\Middleware\\StartSession.php(64): Illuminate\\Session\\Middleware\\StartSession->handleStatefulRequest()
#18 C:\\Users\\HP\\Documents\\doc\\cours_3eme_annee\\projet tutore\\code\\GEE_PROJECT\\backend\\vendor\\laravel\\framework\\src\\Illuminate\\Pipeline\\Pipeline.php(209): Illuminate\\Session\\Middleware\\StartSession->handle()
#19 C:\\Users\\HP\\Documents\\doc\\cours_3eme_annee\\projet tutore\\code\\GEE_PROJECT\\backend\\vendor\\laravel\\framework\\src\\Illuminate\\Cookie\\Middleware\\AddQueuedCookiesToResponse.php(37): Illuminate\\Pipeline\\Pipeline->{closure:{closure:Illuminate\\Pipeline\\Pipeline::carry():184}:185}()
#20 C:\\Users\\HP\\Documents\\doc\\cours_3eme_annee\\projet tutore\\code\\GEE_PROJECT\\backend\\vendor\\laravel\\framework\\src\\Illuminate\\Pipeline\\Pipeline.php(209): Illuminate\\Cookie\\Middleware\\AddQueuedCookiesToResponse->handle()
#21 C:\\Users\\HP\\Documents\\doc\\cours_3eme_annee\\projet tutore\\code\\GEE_PROJECT\\backend\\vendor\\laravel\\framework\\src\\Illuminate\\Cookie\\Middleware\\EncryptCookies.php(75): Illuminate\\Pipeline\\Pipeline->{closure:{closure:Illuminate\\Pipeline\\Pipeline::carry():184}:185}()
#22 C:\\Users\\HP\\Documents\\doc\\cours_3eme_annee\\projet tutore\\code\\GEE_PROJECT\\backend\\vendor\\laravel\\framework\\src\\Illuminate\\Pipeline\\Pipeline.php(209): Illuminate\\Cookie\\Middleware\\EncryptCookies->handle()
#23 C:\\Users\\HP\\Documents\\doc\\cours_3eme_annee\\projet tutore\\code\\GEE_PROJECT\\backend\\vendor\\laravel\\framework\\src\\Illuminate\\Pipeline\\Pipeline.php(127): Illuminate\\Pipeline\\Pipeline->{closure:{closure:Illuminate\\Pipeline\\Pipeline::carry():184}:185}()
#24 C:\\Users\\HP\\Documents\\doc\\cours_3eme_annee\\projet tutore\\code\\GEE_PROJECT\\backend\\vendor\\laravel\\framework\\src\\Illuminate\\Routing\\Router.php(808): Illuminate\\Pipeline\\Pipeline->then()
#25 C:\\Users\\HP\\Documents\\doc\\cours_3eme_annee\\projet tutore\\code\\GEE_PROJECT\\backend\\vendor\\laravel\\framework\\src\\Illuminate\\Routing\\Router.php(787): Illuminate\\Routing\\Router->runRouteWithinStack()
#26 C:\\Users\\HP\\Documents\\doc\\cours_3eme_annee\\projet tutore\\code\\GEE_PROJECT\\backend\\vendor\\laravel\\framework\\src\\Illuminate\\Routing\\Router.php(751): Illuminate\\Routing\\Router->runRoute()
#27 C:\\Users\\HP\\Documents\\doc\\cours_3eme_annee\\projet tutore\\code\\GEE_PROJECT\\backend\\vendor\\laravel\\framework\\src\\Illuminate\\Routing\\Router.php(740): Illuminate\\Routing\\Router->dispatchToRoute()
#28 C:\\Users\\HP\\Documents\\doc\\cours_3eme_annee\\projet tutore\\code\\GEE_PROJECT\\backend\\vendor\\laravel\\framework\\src\\Illuminate\\Foundation\\Http\\Kernel.php(201): Illuminate\\Routing\\Router->dispatch()
#29 C:\\Users\\HP\\Documents\\doc\\cours_3eme_annee\\projet tutore\\code\\GEE_PROJECT\\backend\\vendor\\laravel\\framework\\src\\Illuminate\\Pipeline\\Pipeline.php(170): Illuminate\\Foundation\\Http\\Kernel->{closure:Illuminate\\Foundation\\Http\\Kernel::dispatchToRouter():198}()
#30 C:\\Users\\HP\\Documents\\doc\\cours_3eme_annee\\projet tutore\\code\\GEE_PROJECT\\backend\\vendor\\laravel\\framework\\src\\Illuminate\\Foundation\\Http\\Middleware\\TransformsRequest.php(21): Illuminate\\Pipeline\\Pipeline->{closure:Illuminate\\Pipeline\\Pipeline::prepareDestination():168}()
#31 C:\\Users\\HP\\Documents\\doc\\cours_3eme_annee\\projet tutore\\code\\GEE_PROJECT\\backend\\vendor\\laravel\\framework\\src\\Illuminate\\Foundation\\Http\\Middleware\\ConvertEmptyStringsToNull.php(31): Illuminate\\Foundation\\Http\\Middleware\\TransformsRequest->handle()
#32 C:\\Users\\HP\\Documents\\doc\\cours_3eme_annee\\projet tutore\\code\\GEE_PROJECT\\backend\\vendor\\laravel\\framework\\src\\Illuminate\\Pipeline\\Pipeline.php(209): Illuminate\\Foundation\\Http\\Middleware\\ConvertEmptyStringsToNull->handle()
#33 C:\\Users\\HP\\Documents\\doc\\cours_3eme_annee\\projet tutore\\code\\GEE_PROJECT\\backend\\vendor\\laravel\\framework\\src\\Illuminate\\Foundation\\Http\\Middleware\\TransformsRequest.php(21): Illuminate\\Pipeline\\Pipeline->{closure:{closure:Illuminate\\Pipeline\\Pipeline::carry():184}:185}()
#34 C:\\Users\\HP\\Documents\\doc\\cours_3eme_annee\\projet tutore\\code\\GEE_PROJECT\\backend\\vendor\\laravel\\framework\\src\\Illuminate\\Foundation\\Http\\Middleware\\TrimStrings.php(51): Illuminate\\Foundation\\Http\\Middleware\\TransformsRequest->handle()
#35 C:\\Users\\HP\\Documents\\doc\\cours_3eme_annee\\projet tutore\\code\\GEE_PROJECT\\backend\\vendor\\laravel\\framework\\src\\Illuminate\\Pipeline\\Pipeline.php(209): Illuminate\\Foundation\\Http\\Middleware\\TrimStrings->handle()
#36 C:\\Users\\HP\\Documents\\doc\\cours_3eme_annee\\projet tutore\\code\\GEE_PROJECT\\backend\\vendor\\laravel\\framework\\src\\Illuminate\\Http\\Middleware\\ValidatePostSize.php(27): Illuminate\\Pipeline\\Pipeline->{closure:{closure:Illuminate\\Pipeline\\Pipeline::carry():184}:185}()
#37 C:\\Users\\HP\\Documents\\doc\\cours_3eme_annee\\projet tutore\\code\\GEE_PROJECT\\backend\\vendor\\laravel\\framework\\src\\Illuminate\\Pipeline\\Pipeline.php(209): Illuminate\\Http\\Middleware\\ValidatePostSize->handle()
#38 C:\\Users\\HP\\Documents\\doc\\cours_3eme_annee\\projet tutore\\code\\GEE_PROJECT\\backend\\vendor\\laravel\\framework\\src\\Illuminate\\Foundation\\Http\\Middleware\\PreventRequestsDuringMaintenance.php(110): Illuminate\\Pipeline\\Pipeline->{closure:{closure:Illuminate\\Pipeline\\Pipeline::carry():184}:185}()
#39 C:\\Users\\HP\\Documents\\doc\\cours_3eme_annee\\projet tutore\\code\\GEE_PROJECT\\backend\\vendor\\laravel\\framework\\src\\Illuminate\\Pipeline\\Pipeline.php(209): Illuminate\\Foundation\\Http\\Middleware\\PreventRequestsDuringMaintenance->handle()
#40 C:\\Users\\HP\\Documents\\doc\\cours_3eme_annee\\projet tutore\\code\\GEE_PROJECT\\backend\\vendor\\laravel\\framework\\src\\Illuminate\\Http\\Middleware\\HandleCors.php(49): Illuminate\\Pipeline\\Pipeline->{closure:{closure:Illuminate\\Pipeline\\Pipeline::carry():184}:185}()
#41 C:\\Users\\HP\\Documents\\doc\\cours_3eme_annee\\projet tutore\\code\\GEE_PROJECT\\backend\\vendor\\laravel\\framework\\src\\Illuminate\\Pipeline\\Pipeline.php(209): Illuminate\\Http\\Middleware\\HandleCors->handle()
#42 C:\\Users\\HP\\Documents\\doc\\cours_3eme_annee\\projet tutore\\code\\GEE_PROJECT\\backend\\vendor\\laravel\\framework\\src\\Illuminate\\Http\\Middleware\\TrustProxies.php(58): Illuminate\\Pipeline\\Pipeline->{closure:{closure:Illuminate\\Pipeline\\Pipeline::carry():184}:185}()
#43 C:\\Users\\HP\\Documents\\doc\\cours_3eme_annee\\projet tutore\\code\\GEE_PROJECT\\backend\\vendor\\laravel\\framework\\src\\Illuminate\\Pipeline\\Pipeline.php(209): Illuminate\\Http\\Middleware\\TrustProxies->handle()
#44 C:\\Users\\HP\\Documents\\doc\\cours_3eme_annee\\projet tutore\\code\\GEE_PROJECT\\backend\\vendor\\laravel\\framework\\src\\Illuminate\\Foundation\\Http\\Middleware\\InvokeDeferredCallbacks.php(22): Illuminate\\Pipeline\\Pipeline->{closure:{closure:Illuminate\\Pipeline\\Pipeline::carry():184}:185}()
#45 C:\\Users\\HP\\Documents\\doc\\cours_3eme_annee\\projet tutore\\code\\GEE_PROJECT\\backend\\vendor\\laravel\\framework\\src\\Illuminate\\Pipeline\\Pipeline.php(209): Illuminate\\Foundation\\Http\\Middleware\\InvokeDeferredCallbacks->handle()
#46 C:\\Users\\HP\\Documents\\doc\\cours_3eme_annee\\projet tutore\\code\\GEE_PROJECT\\backend\\vendor\\laravel\\framework\\src\\Illuminate\\Http\\Middleware\\ValidatePathEncoding.php(26): Illuminate\\Pipeline\\Pipeline->{closure:{closure:Illuminate\\Pipeline\\Pipeline::carry():184}:185}()
#47 C:\\Users\\HP\\Documents\\doc\\cours_3eme_annee\\projet tutore\\code\\GEE_PROJECT\\backend\\vendor\\laravel\\framework\\src\\Illuminate\\Pipeline\\Pipeline.php(209): Illuminate\\Http\\Middleware\\ValidatePathEncoding->handle()
#48 C:\\Users\\HP\\Documents\\doc\\cours_3eme_annee\\projet tutore\\code\\GEE_PROJECT\\backend\\vendor\\laravel\\framework\\src\\Illuminate\\Pipeline\\Pipeline.php(127): Illuminate\\Pipeline\\Pipeline->{closure:{closure:Illuminate\\Pipeline\\Pipeline::carry():184}:185}()
#49 C:\\Users\\HP\\Documents\\doc\\cours_3eme_annee\\projet tutore\\code\\GEE_PROJECT\\backend\\vendor\\laravel\\framework\\src\\Illuminate\\Foundation\\Http\\Kernel.php(176): Illuminate\\Pipeline\\Pipeline->then()
#50 C:\\Users\\HP\\Documents\\doc\\cours_3eme_annee\\projet tutore\\code\\GEE_PROJECT\\backend\\vendor\\laravel\\framework\\src\\Illuminate\\Foundation\\Http\\Kernel.php(145): Illuminate\\Foundation\\Http\\Kernel->sendRequestThroughRouter()
#51 C:\\Users\\HP\\Documents\\doc\\cours_3eme_annee\\projet tutore\\code\\GEE_PROJECT\\backend\\vendor\\laravel\\framework\\src\\Illuminate\\Foundation\\Application.php(1220): Illuminate\\Foundation\\Http\\Kernel->handle()
#52 C:\\Users\\HP\\Documents\\doc\\cours_3eme_annee\\projet tutore\\code\\GEE_PROJECT\\backend\\public\\index.php(20): Illuminate\\Foundation\\Application->handleRequest()
#53 C:\\Users\\HP\\Documents\\doc\\cours_3eme_annee\\projet tutore\\code\\GEE_PROJECT\\backend\\vendor\\laravel\\framework\\src\\Illuminate\\Foundation\\resources\\server.php(23): require_once('...')
#54 {main}
"} 
[2025-03-23 18:24:40] local.ERROR: View [etudiants.create] not found. {"exception":"[object] (InvalidArgumentException(code: 0): View [etudiants.create] not found. at C:\\Users\\HP\\Documents\\doc\\cours_3eme_annee\\projet tutore\\code\\GEE_PROJECT\\backend\\vendor\\laravel\\framework\\src\\Illuminate\\View\\FileViewFinder.php:139)
[stacktrace]
#0 C:\\Users\\HP\\Documents\\doc\\cours_3eme_annee\\projet tutore\\code\\GEE_PROJECT\\backend\\vendor\\laravel\\framework\\src\\Illuminate\\View\\FileViewFinder.php(79): Illuminate\\View\\FileViewFinder->findInPaths()
#1 C:\\Users\\HP\\Documents\\doc\\cours_3eme_annee\\projet tutore\\code\\GEE_PROJECT\\backend\\vendor\\laravel\\framework\\src\\Illuminate\\View\\Factory.php(151): Illuminate\\View\\FileViewFinder->find()
#2 C:\\Users\\HP\\Documents\\doc\\cours_3eme_annee\\projet tutore\\code\\GEE_PROJECT\\backend\\vendor\\laravel\\framework\\src\\Illuminate\\Foundation\\helpers.php(1062): Illuminate\\View\\Factory->make()
#3 C:\\Users\\HP\\Documents\\doc\\cours_3eme_annee\\projet tutore\\code\\GEE_PROJECT\\backend\\app\\Http\\Controllers\\EtudiantController.php(13): view()
#4 C:\\Users\\HP\\Documents\\doc\\cours_3eme_annee\\projet tutore\\code\\GEE_PROJECT\\backend\\vendor\\laravel\\framework\\src\\Illuminate\\Routing\\ControllerDispatcher.php(47): App\\Http\\Controllers\\EtudiantController->create()
#5 C:\\Users\\HP\\Documents\\doc\\cours_3eme_annee\\projet tutore\\code\\GEE_PROJECT\\backend\\vendor\\laravel\\framework\\src\\Illuminate\\Routing\\Route.php(266): Illuminate\\Routing\\ControllerDispatcher->dispatch()
#6 C:\\Users\\HP\\Documents\\doc\\cours_3eme_annee\\projet tutore\\code\\GEE_PROJECT\\backend\\vendor\\laravel\\framework\\src\\Illuminate\\Routing\\Route.php(212): Illuminate\\Routing\\Route->runController()
#7 C:\\Users\\HP\\Documents\\doc\\cours_3eme_annee\\projet tutore\\code\\GEE_PROJECT\\backend\\vendor\\laravel\\framework\\src\\Illuminate\\Routing\\Router.php(809): Illuminate\\Routing\\Route->run()
#8 C:\\Users\\HP\\Documents\\doc\\cours_3eme_annee\\projet tutore\\code\\GEE_PROJECT\\backend\\vendor\\laravel\\framework\\src\\Illuminate\\Pipeline\\Pipeline.php(170): Illuminate\\Routing\\Router->{closure:Illuminate\\Routing\\Router::runRouteWithinStack():808}()
#9 C:\\Users\\HP\\Documents\\doc\\cours_3eme_annee\\projet tutore\\code\\GEE_PROJECT\\backend\\vendor\\laravel\\framework\\src\\Illuminate\\Http\\Middleware\\AddLinkHeadersForPreloadedAssets.php(20): Illuminate\\Pipeline\\Pipeline->{closure:Illuminate\\Pipeline\\Pipeline::prepareDestination():168}()
#10 C:\\Users\\HP\\Documents\\doc\\cours_3eme_annee\\projet tutore\\code\\GEE_PROJECT\\backend\\vendor\\laravel\\framework\\src\\Illuminate\\Pipeline\\Pipeline.php(209): Illuminate\\Http\\Middleware\\AddLinkHeadersForPreloadedAssets->handle()
#11 C:\\Users\\HP\\Documents\\doc\\cours_3eme_annee\\projet tutore\\code\\GEE_PROJECT\\backend\\vendor\\inertiajs\\inertia-laravel\\src\\Middleware.php(86): Illuminate\\Pipeline\\Pipeline->{closure:{closure:Illuminate\\Pipeline\\Pipeline::carry():184}:185}()
#12 C:\\Users\\HP\\Documents\\doc\\cours_3eme_annee\\projet tutore\\code\\GEE_PROJECT\\backend\\vendor\\laravel\\framework\\src\\Illuminate\\Pipeline\\Pipeline.php(209): Inertia\\Middleware->handle()
#13 C:\\Users\\HP\\Documents\\doc\\cours_3eme_annee\\projet tutore\\code\\GEE_PROJECT\\backend\\app\\Http\\Middleware\\HandleAppearance.php(21): Illuminate\\Pipeline\\Pipeline->{closure:{closure:Illuminate\\Pipeline\\Pipeline::carry():184}:185}()
#14 C:\\Users\\HP\\Documents\\doc\\cours_3eme_annee\\projet tutore\\code\\GEE_PROJECT\\backend\\vendor\\laravel\\framework\\src\\Illuminate\\Pipeline\\Pipeline.php(209): App\\Http\\Middleware\\HandleAppearance->handle()
#15 C:\\Users\\HP\\Documents\\doc\\cours_3eme_annee\\projet tutore\\code\\GEE_PROJECT\\backend\\vendor\\laravel\\framework\\src\\Illuminate\\Routing\\Middleware\\SubstituteBindings.php(51): Illuminate\\Pipeline\\Pipeline->{closure:{closure:Illuminate\\Pipeline\\Pipeline::carry():184}:185}()
#16 C:\\Users\\HP\\Documents\\doc\\cours_3eme_annee\\projet tutore\\code\\GEE_PROJECT\\backend\\vendor\\laravel\\framework\\src\\Illuminate\\Pipeline\\Pipeline.php(209): Illuminate\\Routing\\Middleware\\SubstituteBindings->handle()
#17 C:\\Users\\HP\\Documents\\doc\\cours_3eme_annee\\projet tutore\\code\\GEE_PROJECT\\backend\\vendor\\laravel\\framework\\src\\Illuminate\\Foundation\\Http\\Middleware\\VerifyCsrfToken.php(88): Illuminate\\Pipeline\\Pipeline->{closure:{closure:Illuminate\\Pipeline\\Pipeline::carry():184}:185}()
#18 C:\\Users\\HP\\Documents\\doc\\cours_3eme_annee\\projet tutore\\code\\GEE_PROJECT\\backend\\vendor\\laravel\\framework\\src\\Illuminate\\Pipeline\\Pipeline.php(209): Illuminate\\Foundation\\Http\\Middleware\\VerifyCsrfToken->handle()
#19 C:\\Users\\HP\\Documents\\doc\\cours_3eme_annee\\projet tutore\\code\\GEE_PROJECT\\backend\\vendor\\laravel\\framework\\src\\Illuminate\\View\\Middleware\\ShareErrorsFromSession.php(49): Illuminate\\Pipeline\\Pipeline->{closure:{closure:Illuminate\\Pipeline\\Pipeline::carry():184}:185}()
#20 C:\\Users\\HP\\Documents\\doc\\cours_3eme_annee\\projet tutore\\code\\GEE_PROJECT\\backend\\vendor\\laravel\\framework\\src\\Illuminate\\Pipeline\\Pipeline.php(209): Illuminate\\View\\Middleware\\ShareErrorsFromSession->handle()
#21 C:\\Users\\HP\\Documents\\doc\\cours_3eme_annee\\projet tutore\\code\\GEE_PROJECT\\backend\\vendor\\laravel\\framework\\src\\Illuminate\\Session\\Middleware\\StartSession.php(121): Illuminate\\Pipeline\\Pipeline->{closure:{closure:Illuminate\\Pipeline\\Pipeline::carry():184}:185}()
#22 C:\\Users\\HP\\Documents\\doc\\cours_3eme_annee\\projet tutore\\code\\GEE_PROJECT\\backend\\vendor\\laravel\\framework\\src\\Illuminate\\Session\\Middleware\\StartSession.php(64): Illuminate\\Session\\Middleware\\StartSession->handleStatefulRequest()
#23 C:\\Users\\HP\\Documents\\doc\\cours_3eme_annee\\projet tutore\\code\\GEE_PROJECT\\backend\\vendor\\laravel\\framework\\src\\Illuminate\\Pipeline\\Pipeline.php(209): Illuminate\\Session\\Middleware\\StartSession->handle()
#24 C:\\Users\\HP\\Documents\\doc\\cours_3eme_annee\\projet tutore\\code\\GEE_PROJECT\\backend\\vendor\\laravel\\framework\\src\\Illuminate\\Cookie\\Middleware\\AddQueuedCookiesToResponse.php(37): Illuminate\\Pipeline\\Pipeline->{closure:{closure:Illuminate\\Pipeline\\Pipeline::carry():184}:185}()
#25 C:\\Users\\HP\\Documents\\doc\\cours_3eme_annee\\projet tutore\\code\\GEE_PROJECT\\backend\\vendor\\laravel\\framework\\src\\Illuminate\\Pipeline\\Pipeline.php(209): Illuminate\\Cookie\\Middleware\\AddQueuedCookiesToResponse->handle()
#26 C:\\Users\\HP\\Documents\\doc\\cours_3eme_annee\\projet tutore\\code\\GEE_PROJECT\\backend\\vendor\\laravel\\framework\\src\\Illuminate\\Cookie\\Middleware\\EncryptCookies.php(75): Illuminate\\Pipeline\\Pipeline->{closure:{closure:Illuminate\\Pipeline\\Pipeline::carry():184}:185}()
#27 C:\\Users\\HP\\Documents\\doc\\cours_3eme_annee\\projet tutore\\code\\GEE_PROJECT\\backend\\vendor\\laravel\\framework\\src\\Illuminate\\Pipeline\\Pipeline.php(209): Illuminate\\Cookie\\Middleware\\EncryptCookies->handle()
#28 C:\\Users\\HP\\Documents\\doc\\cours_3eme_annee\\projet tutore\\code\\GEE_PROJECT\\backend\\vendor\\laravel\\framework\\src\\Illuminate\\Pipeline\\Pipeline.php(127): Illuminate\\Pipeline\\Pipeline->{closure:{closure:Illuminate\\Pipeline\\Pipeline::carry():184}:185}()
#29 C:\\Users\\HP\\Documents\\doc\\cours_3eme_annee\\projet tutore\\code\\GEE_PROJECT\\backend\\vendor\\laravel\\framework\\src\\Illuminate\\Routing\\Router.php(808): Illuminate\\Pipeline\\Pipeline->then()
#30 C:\\Users\\HP\\Documents\\doc\\cours_3eme_annee\\projet tutore\\code\\GEE_PROJECT\\backend\\vendor\\laravel\\framework\\src\\Illuminate\\Routing\\Router.php(787): Illuminate\\Routing\\Router->runRouteWithinStack()
#31 C:\\Users\\HP\\Documents\\doc\\cours_3eme_annee\\projet tutore\\code\\GEE_PROJECT\\backend\\vendor\\laravel\\framework\\src\\Illuminate\\Routing\\Router.php(751): Illuminate\\Routing\\Router->runRoute()
#32 C:\\Users\\HP\\Documents\\doc\\cours_3eme_annee\\projet tutore\\code\\GEE_PROJECT\\backend\\vendor\\laravel\\framework\\src\\Illuminate\\Routing\\Router.php(740): Illuminate\\Routing\\Router->dispatchToRoute()
#33 C:\\Users\\HP\\Documents\\doc\\cours_3eme_annee\\projet tutore\\code\\GEE_PROJECT\\backend\\vendor\\laravel\\framework\\src\\Illuminate\\Foundation\\Http\\Kernel.php(201): Illuminate\\Routing\\Router->dispatch()
#34 C:\\Users\\HP\\Documents\\doc\\cours_3eme_annee\\projet tutore\\code\\GEE_PROJECT\\backend\\vendor\\laravel\\framework\\src\\Illuminate\\Pipeline\\Pipeline.php(170): Illuminate\\Foundation\\Http\\Kernel->{closure:Illuminate\\Foundation\\Http\\Kernel::dispatchToRouter():198}()
#35 C:\\Users\\HP\\Documents\\doc\\cours_3eme_annee\\projet tutore\\code\\GEE_PROJECT\\backend\\vendor\\laravel\\framework\\src\\Illuminate\\Foundation\\Http\\Middleware\\TransformsRequest.php(21): Illuminate\\Pipeline\\Pipeline->{closure:Illuminate\\Pipeline\\Pipeline::prepareDestination():168}()
#36 C:\\Users\\HP\\Documents\\doc\\cours_3eme_annee\\projet tutore\\code\\GEE_PROJECT\\backend\\vendor\\laravel\\framework\\src\\Illuminate\\Foundation\\Http\\Middleware\\ConvertEmptyStringsToNull.php(31): Illuminate\\Foundation\\Http\\Middleware\\TransformsRequest->handle()
#37 C:\\Users\\HP\\Documents\\doc\\cours_3eme_annee\\projet tutore\\code\\GEE_PROJECT\\backend\\vendor\\laravel\\framework\\src\\Illuminate\\Pipeline\\Pipeline.php(209): Illuminate\\Foundation\\Http\\Middleware\\ConvertEmptyStringsToNull->handle()
#38 C:\\Users\\HP\\Documents\\doc\\cours_3eme_annee\\projet tutore\\code\\GEE_PROJECT\\backend\\vendor\\laravel\\framework\\src\\Illuminate\\Foundation\\Http\\Middleware\\TransformsRequest.php(21): Illuminate\\Pipeline\\Pipeline->{closure:{closure:Illuminate\\Pipeline\\Pipeline::carry():184}:185}()
#39 C:\\Users\\HP\\Documents\\doc\\cours_3eme_annee\\projet tutore\\code\\GEE_PROJECT\\backend\\vendor\\laravel\\framework\\src\\Illuminate\\Foundation\\Http\\Middleware\\TrimStrings.php(51): Illuminate\\Foundation\\Http\\Middleware\\TransformsRequest->handle()
#40 C:\\Users\\HP\\Documents\\doc\\cours_3eme_annee\\projet tutore\\code\\GEE_PROJECT\\backend\\vendor\\laravel\\framework\\src\\Illuminate\\Pipeline\\Pipeline.php(209): Illuminate\\Foundation\\Http\\Middleware\\TrimStrings->handle()
#41 C:\\Users\\HP\\Documents\\doc\\cours_3eme_annee\\projet tutore\\code\\GEE_PROJECT\\backend\\vendor\\laravel\\framework\\src\\Illuminate\\Http\\Middleware\\ValidatePostSize.php(27): Illuminate\\Pipeline\\Pipeline->{closure:{closure:Illuminate\\Pipeline\\Pipeline::carry():184}:185}()
#42 C:\\Users\\HP\\Documents\\doc\\cours_3eme_annee\\projet tutore\\code\\GEE_PROJECT\\backend\\vendor\\laravel\\framework\\src\\Illuminate\\Pipeline\\Pipeline.php(209): Illuminate\\Http\\Middleware\\ValidatePostSize->handle()
#43 C:\\Users\\HP\\Documents\\doc\\cours_3eme_annee\\projet tutore\\code\\GEE_PROJECT\\backend\\vendor\\laravel\\framework\\src\\Illuminate\\Foundation\\Http\\Middleware\\PreventRequestsDuringMaintenance.php(110): Illuminate\\Pipeline\\Pipeline->{closure:{closure:Illuminate\\Pipeline\\Pipeline::carry():184}:185}()
#44 C:\\Users\\HP\\Documents\\doc\\cours_3eme_annee\\projet tutore\\code\\GEE_PROJECT\\backend\\vendor\\laravel\\framework\\src\\Illuminate\\Pipeline\\Pipeline.php(209): Illuminate\\Foundation\\Http\\Middleware\\PreventRequestsDuringMaintenance->handle()
#45 C:\\Users\\HP\\Documents\\doc\\cours_3eme_annee\\projet tutore\\code\\GEE_PROJECT\\backend\\vendor\\laravel\\framework\\src\\Illuminate\\Http\\Middleware\\HandleCors.php(49): Illuminate\\Pipeline\\Pipeline->{closure:{closure:Illuminate\\Pipeline\\Pipeline::carry():184}:185}()
#46 C:\\Users\\HP\\Documents\\doc\\cours_3eme_annee\\projet tutore\\code\\GEE_PROJECT\\backend\\vendor\\laravel\\framework\\src\\Illuminate\\Pipeline\\Pipeline.php(209): Illuminate\\Http\\Middleware\\HandleCors->handle()
#47 C:\\Users\\HP\\Documents\\doc\\cours_3eme_annee\\projet tutore\\code\\GEE_PROJECT\\backend\\vendor\\laravel\\framework\\src\\Illuminate\\Http\\Middleware\\TrustProxies.php(58): Illuminate\\Pipeline\\Pipeline->{closure:{closure:Illuminate\\Pipeline\\Pipeline::carry():184}:185}()
#48 C:\\Users\\HP\\Documents\\doc\\cours_3eme_annee\\projet tutore\\code\\GEE_PROJECT\\backend\\vendor\\laravel\\framework\\src\\Illuminate\\Pipeline\\Pipeline.php(209): Illuminate\\Http\\Middleware\\TrustProxies->handle()
#49 C:\\Users\\HP\\Documents\\doc\\cours_3eme_annee\\projet tutore\\code\\GEE_PROJECT\\backend\\vendor\\laravel\\framework\\src\\Illuminate\\Foundation\\Http\\Middleware\\InvokeDeferredCallbacks.php(22): Illuminate\\Pipeline\\Pipeline->{closure:{closure:Illuminate\\Pipeline\\Pipeline::carry():184}:185}()
#50 C:\\Users\\HP\\Documents\\doc\\cours_3eme_annee\\projet tutore\\code\\GEE_PROJECT\\backend\\vendor\\laravel\\framework\\src\\Illuminate\\Pipeline\\Pipeline.php(209): Illuminate\\Foundation\\Http\\Middleware\\InvokeDeferredCallbacks->handle()
#51 C:\\Users\\HP\\Documents\\doc\\cours_3eme_annee\\projet tutore\\code\\GEE_PROJECT\\backend\\vendor\\laravel\\framework\\src\\Illuminate\\Http\\Middleware\\ValidatePathEncoding.php(26): Illuminate\\Pipeline\\Pipeline->{closure:{closure:Illuminate\\Pipeline\\Pipeline::carry():184}:185}()
#52 C:\\Users\\HP\\Documents\\doc\\cours_3eme_annee\\projet tutore\\code\\GEE_PROJECT\\backend\\vendor\\laravel\\framework\\src\\Illuminate\\Pipeline\\Pipeline.php(209): Illuminate\\Http\\Middleware\\ValidatePathEncoding->handle()
#53 C:\\Users\\HP\\Documents\\doc\\cours_3eme_annee\\projet tutore\\code\\GEE_PROJECT\\backend\\vendor\\laravel\\framework\\src\\Illuminate\\Pipeline\\Pipeline.php(127): Illuminate\\Pipeline\\Pipeline->{closure:{closure:Illuminate\\Pipeline\\Pipeline::carry():184}:185}()
#54 C:\\Users\\HP\\Documents\\doc\\cours_3eme_annee\\projet tutore\\code\\GEE_PROJECT\\backend\\vendor\\laravel\\framework\\src\\Illuminate\\Foundation\\Http\\Kernel.php(176): Illuminate\\Pipeline\\Pipeline->then()
#55 C:\\Users\\HP\\Documents\\doc\\cours_3eme_annee\\projet tutore\\code\\GEE_PROJECT\\backend\\vendor\\laravel\\framework\\src\\Illuminate\\Foundation\\Http\\Kernel.php(145): Illuminate\\Foundation\\Http\\Kernel->sendRequestThroughRouter()
#56 C:\\Users\\HP\\Documents\\doc\\cours_3eme_annee\\projet tutore\\code\\GEE_PROJECT\\backend\\vendor\\laravel\\framework\\src\\Illuminate\\Foundation\\Application.php(1220): Illuminate\\Foundation\\Http\\Kernel->handle()
#57 C:\\Users\\HP\\Documents\\doc\\cours_3eme_annee\\projet tutore\\code\\GEE_PROJECT\\backend\\public\\index.php(20): Illuminate\\Foundation\\Application->handleRequest()
#58 C:\\Users\\HP\\Documents\\doc\\cours_3eme_annee\\projet tutore\\code\\GEE_PROJECT\\backend\\vendor\\laravel\\framework\\src\\Illuminate\\Foundation\\resources\\server.php(23): require_once('...')
#59 {main}
"} 
[2025-03-23 18:25:04] local.ERROR: View [etudiants.create] not found. {"exception":"[object] (InvalidArgumentException(code: 0): View [etudiants.create] not found. at C:\\Users\\HP\\Documents\\doc\\cours_3eme_annee\\projet tutore\\code\\GEE_PROJECT\\backend\\vendor\\laravel\\framework\\src\\Illuminate\\View\\FileViewFinder.php:139)
[stacktrace]
#0 C:\\Users\\HP\\Documents\\doc\\cours_3eme_annee\\projet tutore\\code\\GEE_PROJECT\\backend\\vendor\\laravel\\framework\\src\\Illuminate\\View\\FileViewFinder.php(79): Illuminate\\View\\FileViewFinder->findInPaths()
#1 C:\\Users\\HP\\Documents\\doc\\cours_3eme_annee\\projet tutore\\code\\GEE_PROJECT\\backend\\vendor\\laravel\\framework\\src\\Illuminate\\View\\Factory.php(151): Illuminate\\View\\FileViewFinder->find()
#2 C:\\Users\\HP\\Documents\\doc\\cours_3eme_annee\\projet tutore\\code\\GEE_PROJECT\\backend\\vendor\\laravel\\framework\\src\\Illuminate\\Foundation\\helpers.php(1062): Illuminate\\View\\Factory->make()
#3 C:\\Users\\HP\\Documents\\doc\\cours_3eme_annee\\projet tutore\\code\\GEE_PROJECT\\backend\\app\\Http\\Controllers\\EtudiantController.php(13): view()
#4 C:\\Users\\HP\\Documents\\doc\\cours_3eme_annee\\projet tutore\\code\\GEE_PROJECT\\backend\\vendor\\laravel\\framework\\src\\Illuminate\\Routing\\ControllerDispatcher.php(47): App\\Http\\Controllers\\EtudiantController->create()
#5 C:\\Users\\HP\\Documents\\doc\\cours_3eme_annee\\projet tutore\\code\\GEE_PROJECT\\backend\\vendor\\laravel\\framework\\src\\Illuminate\\Routing\\Route.php(266): Illuminate\\Routing\\ControllerDispatcher->dispatch()
#6 C:\\Users\\HP\\Documents\\doc\\cours_3eme_annee\\projet tutore\\code\\GEE_PROJECT\\backend\\vendor\\laravel\\framework\\src\\Illuminate\\Routing\\Route.php(212): Illuminate\\Routing\\Route->runController()
#7 C:\\Users\\HP\\Documents\\doc\\cours_3eme_annee\\projet tutore\\code\\GEE_PROJECT\\backend\\vendor\\laravel\\framework\\src\\Illuminate\\Routing\\Router.php(809): Illuminate\\Routing\\Route->run()
#8 C:\\Users\\HP\\Documents\\doc\\cours_3eme_annee\\projet tutore\\code\\GEE_PROJECT\\backend\\vendor\\laravel\\framework\\src\\Illuminate\\Pipeline\\Pipeline.php(170): Illuminate\\Routing\\Router->{closure:Illuminate\\Routing\\Router::runRouteWithinStack():808}()
#9 C:\\Users\\HP\\Documents\\doc\\cours_3eme_annee\\projet tutore\\code\\GEE_PROJECT\\backend\\vendor\\laravel\\framework\\src\\Illuminate\\Http\\Middleware\\AddLinkHeadersForPreloadedAssets.php(20): Illuminate\\Pipeline\\Pipeline->{closure:Illuminate\\Pipeline\\Pipeline::prepareDestination():168}()
#10 C:\\Users\\HP\\Documents\\doc\\cours_3eme_annee\\projet tutore\\code\\GEE_PROJECT\\backend\\vendor\\laravel\\framework\\src\\Illuminate\\Pipeline\\Pipeline.php(209): Illuminate\\Http\\Middleware\\AddLinkHeadersForPreloadedAssets->handle()
#11 C:\\Users\\HP\\Documents\\doc\\cours_3eme_annee\\projet tutore\\code\\GEE_PROJECT\\backend\\vendor\\inertiajs\\inertia-laravel\\src\\Middleware.php(86): Illuminate\\Pipeline\\Pipeline->{closure:{closure:Illuminate\\Pipeline\\Pipeline::carry():184}:185}()
#12 C:\\Users\\HP\\Documents\\doc\\cours_3eme_annee\\projet tutore\\code\\GEE_PROJECT\\backend\\vendor\\laravel\\framework\\src\\Illuminate\\Pipeline\\Pipeline.php(209): Inertia\\Middleware->handle()
#13 C:\\Users\\HP\\Documents\\doc\\cours_3eme_annee\\projet tutore\\code\\GEE_PROJECT\\backend\\app\\Http\\Middleware\\HandleAppearance.php(21): Illuminate\\Pipeline\\Pipeline->{closure:{closure:Illuminate\\Pipeline\\Pipeline::carry():184}:185}()
#14 C:\\Users\\HP\\Documents\\doc\\cours_3eme_annee\\projet tutore\\code\\GEE_PROJECT\\backend\\vendor\\laravel\\framework\\src\\Illuminate\\Pipeline\\Pipeline.php(209): App\\Http\\Middleware\\HandleAppearance->handle()
#15 C:\\Users\\HP\\Documents\\doc\\cours_3eme_annee\\projet tutore\\code\\GEE_PROJECT\\backend\\vendor\\laravel\\framework\\src\\Illuminate\\Routing\\Middleware\\SubstituteBindings.php(51): Illuminate\\Pipeline\\Pipeline->{closure:{closure:Illuminate\\Pipeline\\Pipeline::carry():184}:185}()
#16 C:\\Users\\HP\\Documents\\doc\\cours_3eme_annee\\projet tutore\\code\\GEE_PROJECT\\backend\\vendor\\laravel\\framework\\src\\Illuminate\\Pipeline\\Pipeline.php(209): Illuminate\\Routing\\Middleware\\SubstituteBindings->handle()
#17 C:\\Users\\HP\\Documents\\doc\\cours_3eme_annee\\projet tutore\\code\\GEE_PROJECT\\backend\\vendor\\laravel\\framework\\src\\Illuminate\\Foundation\\Http\\Middleware\\VerifyCsrfToken.php(88): Illuminate\\Pipeline\\Pipeline->{closure:{closure:Illuminate\\Pipeline\\Pipeline::carry():184}:185}()
#18 C:\\Users\\HP\\Documents\\doc\\cours_3eme_annee\\projet tutore\\code\\GEE_PROJECT\\backend\\vendor\\laravel\\framework\\src\\Illuminate\\Pipeline\\Pipeline.php(209): Illuminate\\Foundation\\Http\\Middleware\\VerifyCsrfToken->handle()
#19 C:\\Users\\HP\\Documents\\doc\\cours_3eme_annee\\projet tutore\\code\\GEE_PROJECT\\backend\\vendor\\laravel\\framework\\src\\Illuminate\\View\\Middleware\\ShareErrorsFromSession.php(49): Illuminate\\Pipeline\\Pipeline->{closure:{closure:Illuminate\\Pipeline\\Pipeline::carry():184}:185}()
#20 C:\\Users\\HP\\Documents\\doc\\cours_3eme_annee\\projet tutore\\code\\GEE_PROJECT\\backend\\vendor\\laravel\\framework\\src\\Illuminate\\Pipeline\\Pipeline.php(209): Illuminate\\View\\Middleware\\ShareErrorsFromSession->handle()
#21 C:\\Users\\HP\\Documents\\doc\\cours_3eme_annee\\projet tutore\\code\\GEE_PROJECT\\backend\\vendor\\laravel\\framework\\src\\Illuminate\\Session\\Middleware\\StartSession.php(121): Illuminate\\Pipeline\\Pipeline->{closure:{closure:Illuminate\\Pipeline\\Pipeline::carry():184}:185}()
#22 C:\\Users\\HP\\Documents\\doc\\cours_3eme_annee\\projet tutore\\code\\GEE_PROJECT\\backend\\vendor\\laravel\\framework\\src\\Illuminate\\Session\\Middleware\\StartSession.php(64): Illuminate\\Session\\Middleware\\StartSession->handleStatefulRequest()
#23 C:\\Users\\HP\\Documents\\doc\\cours_3eme_annee\\projet tutore\\code\\GEE_PROJECT\\backend\\vendor\\laravel\\framework\\src\\Illuminate\\Pipeline\\Pipeline.php(209): Illuminate\\Session\\Middleware\\StartSession->handle()
#24 C:\\Users\\HP\\Documents\\doc\\cours_3eme_annee\\projet tutore\\code\\GEE_PROJECT\\backend\\vendor\\laravel\\framework\\src\\Illuminate\\Cookie\\Middleware\\AddQueuedCookiesToResponse.php(37): Illuminate\\Pipeline\\Pipeline->{closure:{closure:Illuminate\\Pipeline\\Pipeline::carry():184}:185}()
#25 C:\\Users\\HP\\Documents\\doc\\cours_3eme_annee\\projet tutore\\code\\GEE_PROJECT\\backend\\vendor\\laravel\\framework\\src\\Illuminate\\Pipeline\\Pipeline.php(209): Illuminate\\Cookie\\Middleware\\AddQueuedCookiesToResponse->handle()
#26 C:\\Users\\HP\\Documents\\doc\\cours_3eme_annee\\projet tutore\\code\\GEE_PROJECT\\backend\\vendor\\laravel\\framework\\src\\Illuminate\\Cookie\\Middleware\\EncryptCookies.php(75): Illuminate\\Pipeline\\Pipeline->{closure:{closure:Illuminate\\Pipeline\\Pipeline::carry():184}:185}()
#27 C:\\Users\\HP\\Documents\\doc\\cours_3eme_annee\\projet tutore\\code\\GEE_PROJECT\\backend\\vendor\\laravel\\framework\\src\\Illuminate\\Pipeline\\Pipeline.php(209): Illuminate\\Cookie\\Middleware\\EncryptCookies->handle()
#28 C:\\Users\\HP\\Documents\\doc\\cours_3eme_annee\\projet tutore\\code\\GEE_PROJECT\\backend\\vendor\\laravel\\framework\\src\\Illuminate\\Pipeline\\Pipeline.php(127): Illuminate\\Pipeline\\Pipeline->{closure:{closure:Illuminate\\Pipeline\\Pipeline::carry():184}:185}()
#29 C:\\Users\\HP\\Documents\\doc\\cours_3eme_annee\\projet tutore\\code\\GEE_PROJECT\\backend\\vendor\\laravel\\framework\\src\\Illuminate\\Routing\\Router.php(808): Illuminate\\Pipeline\\Pipeline->then()
#30 C:\\Users\\HP\\Documents\\doc\\cours_3eme_annee\\projet tutore\\code\\GEE_PROJECT\\backend\\vendor\\laravel\\framework\\src\\Illuminate\\Routing\\Router.php(787): Illuminate\\Routing\\Router->runRouteWithinStack()
#31 C:\\Users\\HP\\Documents\\doc\\cours_3eme_annee\\projet tutore\\code\\GEE_PROJECT\\backend\\vendor\\laravel\\framework\\src\\Illuminate\\Routing\\Router.php(751): Illuminate\\Routing\\Router->runRoute()
#32 C:\\Users\\HP\\Documents\\doc\\cours_3eme_annee\\projet tutore\\code\\GEE_PROJECT\\backend\\vendor\\laravel\\framework\\src\\Illuminate\\Routing\\Router.php(740): Illuminate\\Routing\\Router->dispatchToRoute()
#33 C:\\Users\\HP\\Documents\\doc\\cours_3eme_annee\\projet tutore\\code\\GEE_PROJECT\\backend\\vendor\\laravel\\framework\\src\\Illuminate\\Foundation\\Http\\Kernel.php(201): Illuminate\\Routing\\Router->dispatch()
#34 C:\\Users\\HP\\Documents\\doc\\cours_3eme_annee\\projet tutore\\code\\GEE_PROJECT\\backend\\vendor\\laravel\\framework\\src\\Illuminate\\Pipeline\\Pipeline.php(170): Illuminate\\Foundation\\Http\\Kernel->{closure:Illuminate\\Foundation\\Http\\Kernel::dispatchToRouter():198}()
#35 C:\\Users\\HP\\Documents\\doc\\cours_3eme_annee\\projet tutore\\code\\GEE_PROJECT\\backend\\vendor\\laravel\\framework\\src\\Illuminate\\Foundation\\Http\\Middleware\\TransformsRequest.php(21): Illuminate\\Pipeline\\Pipeline->{closure:Illuminate\\Pipeline\\Pipeline::prepareDestination():168}()
#36 C:\\Users\\HP\\Documents\\doc\\cours_3eme_annee\\projet tutore\\code\\GEE_PROJECT\\backend\\vendor\\laravel\\framework\\src\\Illuminate\\Foundation\\Http\\Middleware\\ConvertEmptyStringsToNull.php(31): Illuminate\\Foundation\\Http\\Middleware\\TransformsRequest->handle()
#37 C:\\Users\\HP\\Documents\\doc\\cours_3eme_annee\\projet tutore\\code\\GEE_PROJECT\\backend\\vendor\\laravel\\framework\\src\\Illuminate\\Pipeline\\Pipeline.php(209): Illuminate\\Foundation\\Http\\Middleware\\ConvertEmptyStringsToNull->handle()
#38 C:\\Users\\HP\\Documents\\doc\\cours_3eme_annee\\projet tutore\\code\\GEE_PROJECT\\backend\\vendor\\laravel\\framework\\src\\Illuminate\\Foundation\\Http\\Middleware\\TransformsRequest.php(21): Illuminate\\Pipeline\\Pipeline->{closure:{closure:Illuminate\\Pipeline\\Pipeline::carry():184}:185}()
#39 C:\\Users\\HP\\Documents\\doc\\cours_3eme_annee\\projet tutore\\code\\GEE_PROJECT\\backend\\vendor\\laravel\\framework\\src\\Illuminate\\Foundation\\Http\\Middleware\\TrimStrings.php(51): Illuminate\\Foundation\\Http\\Middleware\\TransformsRequest->handle()
#40 C:\\Users\\HP\\Documents\\doc\\cours_3eme_annee\\projet tutore\\code\\GEE_PROJECT\\backend\\vendor\\laravel\\framework\\src\\Illuminate\\Pipeline\\Pipeline.php(209): Illuminate\\Foundation\\Http\\Middleware\\TrimStrings->handle()
#41 C:\\Users\\HP\\Documents\\doc\\cours_3eme_annee\\projet tutore\\code\\GEE_PROJECT\\backend\\vendor\\laravel\\framework\\src\\Illuminate\\Http\\Middleware\\ValidatePostSize.php(27): Illuminate\\Pipeline\\Pipeline->{closure:{closure:Illuminate\\Pipeline\\Pipeline::carry():184}:185}()
#42 C:\\Users\\HP\\Documents\\doc\\cours_3eme_annee\\projet tutore\\code\\GEE_PROJECT\\backend\\vendor\\laravel\\framework\\src\\Illuminate\\Pipeline\\Pipeline.php(209): Illuminate\\Http\\Middleware\\ValidatePostSize->handle()
#43 C:\\Users\\HP\\Documents\\doc\\cours_3eme_annee\\projet tutore\\code\\GEE_PROJECT\\backend\\vendor\\laravel\\framework\\src\\Illuminate\\Foundation\\Http\\Middleware\\PreventRequestsDuringMaintenance.php(110): Illuminate\\Pipeline\\Pipeline->{closure:{closure:Illuminate\\Pipeline\\Pipeline::carry():184}:185}()
#44 C:\\Users\\HP\\Documents\\doc\\cours_3eme_annee\\projet tutore\\code\\GEE_PROJECT\\backend\\vendor\\laravel\\framework\\src\\Illuminate\\Pipeline\\Pipeline.php(209): Illuminate\\Foundation\\Http\\Middleware\\PreventRequestsDuringMaintenance->handle()
#45 C:\\Users\\HP\\Documents\\doc\\cours_3eme_annee\\projet tutore\\code\\GEE_PROJECT\\backend\\vendor\\laravel\\framework\\src\\Illuminate\\Http\\Middleware\\HandleCors.php(49): Illuminate\\Pipeline\\Pipeline->{closure:{closure:Illuminate\\Pipeline\\Pipeline::carry():184}:185}()
#46 C:\\Users\\HP\\Documents\\doc\\cours_3eme_annee\\projet tutore\\code\\GEE_PROJECT\\backend\\vendor\\laravel\\framework\\src\\Illuminate\\Pipeline\\Pipeline.php(209): Illuminate\\Http\\Middleware\\HandleCors->handle()
#47 C:\\Users\\HP\\Documents\\doc\\cours_3eme_annee\\projet tutore\\code\\GEE_PROJECT\\backend\\vendor\\laravel\\framework\\src\\Illuminate\\Http\\Middleware\\TrustProxies.php(58): Illuminate\\Pipeline\\Pipeline->{closure:{closure:Illuminate\\Pipeline\\Pipeline::carry():184}:185}()
#48 C:\\Users\\HP\\Documents\\doc\\cours_3eme_annee\\projet tutore\\code\\GEE_PROJECT\\backend\\vendor\\laravel\\framework\\src\\Illuminate\\Pipeline\\Pipeline.php(209): Illuminate\\Http\\Middleware\\TrustProxies->handle()
#49 C:\\Users\\HP\\Documents\\doc\\cours_3eme_annee\\projet tutore\\code\\GEE_PROJECT\\backend\\vendor\\laravel\\framework\\src\\Illuminate\\Foundation\\Http\\Middleware\\InvokeDeferredCallbacks.php(22): Illuminate\\Pipeline\\Pipeline->{closure:{closure:Illuminate\\Pipeline\\Pipeline::carry():184}:185}()
#50 C:\\Users\\HP\\Documents\\doc\\cours_3eme_annee\\projet tutore\\code\\GEE_PROJECT\\backend\\vendor\\laravel\\framework\\src\\Illuminate\\Pipeline\\Pipeline.php(209): Illuminate\\Foundation\\Http\\Middleware\\InvokeDeferredCallbacks->handle()
#51 C:\\Users\\HP\\Documents\\doc\\cours_3eme_annee\\projet tutore\\code\\GEE_PROJECT\\backend\\vendor\\laravel\\framework\\src\\Illuminate\\Http\\Middleware\\ValidatePathEncoding.php(26): Illuminate\\Pipeline\\Pipeline->{closure:{closure:Illuminate\\Pipeline\\Pipeline::carry():184}:185}()
#52 C:\\Users\\HP\\Documents\\doc\\cours_3eme_annee\\projet tutore\\code\\GEE_PROJECT\\backend\\vendor\\laravel\\framework\\src\\Illuminate\\Pipeline\\Pipeline.php(209): Illuminate\\Http\\Middleware\\ValidatePathEncoding->handle()
#53 C:\\Users\\HP\\Documents\\doc\\cours_3eme_annee\\projet tutore\\code\\GEE_PROJECT\\backend\\vendor\\laravel\\framework\\src\\Illuminate\\Pipeline\\Pipeline.php(127): Illuminate\\Pipeline\\Pipeline->{closure:{closure:Illuminate\\Pipeline\\Pipeline::carry():184}:185}()
#54 C:\\Users\\HP\\Documents\\doc\\cours_3eme_annee\\projet tutore\\code\\GEE_PROJECT\\backend\\vendor\\laravel\\framework\\src\\Illuminate\\Foundation\\Http\\Kernel.php(176): Illuminate\\Pipeline\\Pipeline->then()
#55 C:\\Users\\HP\\Documents\\doc\\cours_3eme_annee\\projet tutore\\code\\GEE_PROJECT\\backend\\vendor\\laravel\\framework\\src\\Illuminate\\Foundation\\Http\\Kernel.php(145): Illuminate\\Foundation\\Http\\Kernel->sendRequestThroughRouter()
#56 C:\\Users\\HP\\Documents\\doc\\cours_3eme_annee\\projet tutore\\code\\GEE_PROJECT\\backend\\vendor\\laravel\\framework\\src\\Illuminate\\Foundation\\Application.php(1220): Illuminate\\Foundation\\Http\\Kernel->handle()
#57 C:\\Users\\HP\\Documents\\doc\\cours_3eme_annee\\projet tutore\\code\\GEE_PROJECT\\backend\\public\\index.php(20): Illuminate\\Foundation\\Application->handleRequest()
#58 C:\\Users\\HP\\Documents\\doc\\cours_3eme_annee\\projet tutore\\code\\GEE_PROJECT\\backend\\vendor\\laravel\\framework\\src\\Illuminate\\Foundation\\resources\\server.php(23): require_once('...')
#59 {main}
"} 
